[2025-11-25T05:47:48.518+0000] {local_task_job_runner.py:123} INFO - ::group::Pre task execution logs
[2025-11-25T05:47:48.525+0000] {taskinstance.py:2612} INFO - Dependencies all met for dep_context=non-requeueable deps ti=<TaskInstance: stock_ingest_yf.ensure_tables scheduled__2025-11-24T02:15:00+00:00 [queued]>
[2025-11-25T05:47:48.529+0000] {taskinstance.py:2612} INFO - Dependencies all met for dep_context=requeueable deps ti=<TaskInstance: stock_ingest_yf.ensure_tables scheduled__2025-11-24T02:15:00+00:00 [queued]>
[2025-11-25T05:47:48.529+0000] {taskinstance.py:2865} INFO - Starting attempt 3 of 3
[2025-11-25T05:47:48.598+0000] {taskinstance.py:2888} INFO - Executing <Task(_PythonDecoratedOperator): ensure_tables> on 2025-11-24 02:15:00+00:00
[2025-11-25T05:47:48.604+0000] {logging_mixin.py:190} WARNING - /home/***/.local/lib/python3.12/site-packages/***/task/task_runner/standard_task_runner.py:70 DeprecationWarning: This process (pid=1790) is multi-threaded, use of fork() may lead to deadlocks in the child.
[2025-11-25T05:47:48.605+0000] {standard_task_runner.py:72} INFO - Started process 1793 to run task
[2025-11-25T05:47:48.604+0000] {standard_task_runner.py:104} INFO - Running: ['***', 'tasks', 'run', 'stock_ingest_yf', 'ensure_tables', 'scheduled__2025-11-24T02:15:00+00:00', '--job-id', '22', '--raw', '--subdir', 'DAGS_FOLDER/stock_ingest_yf.py', '--cfg-path', '/tmp/tmphcqofrs8']
[2025-11-25T05:47:48.606+0000] {standard_task_runner.py:105} INFO - Job 22: Subtask ensure_tables
[2025-11-25T05:47:48.639+0000] {task_command.py:467} INFO - Running <TaskInstance: stock_ingest_yf.ensure_tables scheduled__2025-11-24T02:15:00+00:00 [running]> on host 6aeb1cad2053
[2025-11-25T05:47:48.676+0000] {taskinstance.py:3131} INFO - Exporting env vars: AIRFLOW_CTX_DAG_OWNER='***' AIRFLOW_CTX_DAG_ID='stock_ingest_yf' AIRFLOW_CTX_TASK_ID='ensure_tables' AIRFLOW_CTX_EXECUTION_DATE='2025-11-24T02:15:00+00:00' AIRFLOW_CTX_TRY_NUMBER='3' AIRFLOW_CTX_DAG_RUN_ID='scheduled__2025-11-24T02:15:00+00:00'
[2025-11-25T05:47:48.676+0000] {taskinstance.py:731} INFO - ::endgroup::
[2025-11-25T05:47:48.692+0000] {base.py:84} INFO - Retrieving connection 'snowflake_conn'
[2025-11-25T05:47:48.693+0000] {connection.py:413} INFO - Snowflake Connector for Python Version: 3.12.1, Python Version: 3.12.5, Platform: Linux-6.12.54-linuxkit-aarch64-with-glibc2.36
[2025-11-25T05:47:48.693+0000] {connection.py:1196} INFO - Connecting to GLOBAL Snowflake domain
[2025-11-25T05:47:48.693+0000] {connection.py:1277} INFO - This connection is in OCSP Fail Open Mode. TLS Certificates would be checked for validity and revocation status. Any other Certificate Revocation related exceptions or OCSP Responder failures would be disregarded in favor of connectivity.
[2025-11-25T05:47:51.085+0000] {cursor.py:1156} INFO - Number of results in first chunk: 1
[2025-11-25T05:47:51.308+0000] {cursor.py:1156} INFO - Number of results in first chunk: 1
[2025-11-25T05:47:51.445+0000] {cursor.py:1156} INFO - Number of results in first chunk: 1
[2025-11-25T05:47:51.445+0000] {connection.py:788} INFO - closed
[2025-11-25T05:47:51.491+0000] {connection.py:794} INFO - No async queries seem to be running, deleting session
[2025-11-25T05:47:51.558+0000] {python.py:240} INFO - Done. Returned value was: None
[2025-11-25T05:47:51.569+0000] {taskinstance.py:340} INFO - ::group::Post task execution logs
[2025-11-25T05:47:51.569+0000] {taskinstance.py:352} INFO - Marking task as SUCCESS. dag_id=stock_ingest_yf, task_id=ensure_tables, run_id=scheduled__2025-11-24T02:15:00+00:00, execution_date=20251124T021500, start_date=20251125T054748, end_date=20251125T054751
[2025-11-25T05:47:51.597+0000] {local_task_job_runner.py:266} INFO - Task exited with return code 0
[2025-11-25T05:47:51.617+0000] {taskinstance.py:3900} INFO - 1 downstream tasks scheduled from follow-on schedule check
[2025-11-25T05:47:51.618+0000] {local_task_job_runner.py:245} INFO - ::endgroup::
