[2025-11-25T05:44:21.326+0000] {local_task_job_runner.py:123} INFO - ::group::Pre task execution logs
[2025-11-25T05:44:21.334+0000] {taskinstance.py:2612} INFO - Dependencies all met for dep_context=non-requeueable deps ti=<TaskInstance: stock_ingest_yf.upsert_all manual__2025-11-25T05:44:10.181311+00:00 [queued]>
[2025-11-25T05:44:21.338+0000] {taskinstance.py:2612} INFO - Dependencies all met for dep_context=requeueable deps ti=<TaskInstance: stock_ingest_yf.upsert_all manual__2025-11-25T05:44:10.181311+00:00 [queued]>
[2025-11-25T05:44:21.338+0000] {taskinstance.py:2865} INFO - Starting attempt 1 of 3
[2025-11-25T05:44:21.415+0000] {taskinstance.py:2888} INFO - Executing <Task(_PythonDecoratedOperator): upsert_all> on 2025-11-25 05:44:10.181311+00:00
[2025-11-25T05:44:21.423+0000] {logging_mixin.py:190} WARNING - /home/***/.local/lib/python3.12/site-packages/***/task/task_runner/standard_task_runner.py:70 DeprecationWarning: This process (pid=1614) is multi-threaded, use of fork() may lead to deadlocks in the child.
[2025-11-25T05:44:21.424+0000] {standard_task_runner.py:72} INFO - Started process 1617 to run task
[2025-11-25T05:44:21.423+0000] {standard_task_runner.py:104} INFO - Running: ['***', 'tasks', 'run', 'stock_ingest_yf', 'upsert_all', 'manual__2025-11-25T05:44:10.181311+00:00', '--job-id', '20', '--raw', '--subdir', 'DAGS_FOLDER/stock_ingest_yf.py', '--cfg-path', '/tmp/tmp6m6rz49h']
[2025-11-25T05:44:21.425+0000] {standard_task_runner.py:105} INFO - Job 20: Subtask upsert_all
[2025-11-25T05:44:21.459+0000] {task_command.py:467} INFO - Running <TaskInstance: stock_ingest_yf.upsert_all manual__2025-11-25T05:44:10.181311+00:00 [running]> on host 6aeb1cad2053
[2025-11-25T05:44:21.509+0000] {taskinstance.py:3131} INFO - Exporting env vars: AIRFLOW_CTX_DAG_OWNER='***' AIRFLOW_CTX_DAG_ID='stock_ingest_yf' AIRFLOW_CTX_TASK_ID='upsert_all' AIRFLOW_CTX_EXECUTION_DATE='2025-11-25T05:44:10.181311+00:00' AIRFLOW_CTX_TRY_NUMBER='1' AIRFLOW_CTX_DAG_RUN_ID='manual__2025-11-25T05:44:10.181311+00:00'
[2025-11-25T05:44:21.509+0000] {taskinstance.py:731} INFO - ::endgroup::
[2025-11-25T05:44:21.525+0000] {base.py:84} INFO - Retrieving connection 'snowflake_conn'
[2025-11-25T05:44:21.526+0000] {connection.py:413} INFO - Snowflake Connector for Python Version: 3.12.1, Python Version: 3.12.5, Platform: Linux-6.12.54-linuxkit-aarch64-with-glibc2.36
[2025-11-25T05:44:21.527+0000] {connection.py:1196} INFO - Connecting to GLOBAL Snowflake domain
[2025-11-25T05:44:21.527+0000] {connection.py:1277} INFO - This connection is in OCSP Fail Open Mode. TLS Certificates would be checked for validity and revocation status. Any other Certificate Revocation related exceptions or OCSP Responder failures would be disregarded in favor of connectivity.
[2025-11-25T05:44:22.554+0000] {cursor.py:1156} INFO - Number of results in first chunk: 1
[2025-11-25T05:44:23.149+0000] {cursor.py:1156} INFO - Number of results in first chunk: 1
[2025-11-25T05:44:35.342+0000] {cursor.py:1156} INFO - Number of results in first chunk: 1
[2025-11-25T05:44:35.357+0000] {connection.py:788} INFO - closed
[2025-11-25T05:44:35.621+0000] {connection.py:794} INFO - No async queries seem to be running, deleting session
[2025-11-25T05:44:35.683+0000] {python.py:240} INFO - Done. Returned value was: Upserted RAW.STOCK_PRICES from yfinance
[2025-11-25T05:44:35.731+0000] {taskinstance.py:340} INFO - ::group::Post task execution logs
[2025-11-25T05:44:35.732+0000] {taskinstance.py:352} INFO - Marking task as SUCCESS. dag_id=stock_ingest_yf, task_id=upsert_all, run_id=manual__2025-11-25T05:44:10.181311+00:00, execution_date=20251125T054410, start_date=20251125T054421, end_date=20251125T054435
[2025-11-25T05:44:35.764+0000] {local_task_job_runner.py:266} INFO - Task exited with return code 0
[2025-11-25T05:44:35.788+0000] {taskinstance.py:3900} INFO - 1 downstream tasks scheduled from follow-on schedule check
[2025-11-25T05:44:35.789+0000] {local_task_job_runner.py:245} INFO - ::endgroup::
