[2025-11-24T23:42:07.782+0000] {processor.py:186} INFO - Started process (PID=254) to work on /opt/airflow/dags/dbt_cloud_stock_pipeline.py
[2025-11-24T23:42:07.786+0000] {processor.py:914} INFO - Processing file /opt/airflow/dags/dbt_cloud_stock_pipeline.py for tasks to queue
[2025-11-24T23:42:07.792+0000] {logging_mixin.py:190} INFO - [2025-11-24T23:42:07.790+0000] {dagbag.py:587} INFO - Filling up the DagBag from /opt/airflow/dags/dbt_cloud_stock_pipeline.py
[2025-11-24T23:42:07.838+0000] {processor.py:925} INFO - DAG(s) 'dbt_cloud_stock_pipeline' retrieved from /opt/airflow/dags/dbt_cloud_stock_pipeline.py
[2025-11-24T23:42:08.130+0000] {logging_mixin.py:190} INFO - [2025-11-24T23:42:08.129+0000] {override.py:1900} INFO - Created Permission View: can edit on DAG:dbt_cloud_stock_pipeline
[2025-11-24T23:42:08.136+0000] {logging_mixin.py:190} INFO - [2025-11-24T23:42:08.136+0000] {override.py:1900} INFO - Created Permission View: can read on DAG:dbt_cloud_stock_pipeline
[2025-11-24T23:42:08.143+0000] {logging_mixin.py:190} INFO - [2025-11-24T23:42:08.142+0000] {override.py:1900} INFO - Created Permission View: can delete on DAG:dbt_cloud_stock_pipeline
[2025-11-24T23:42:08.147+0000] {logging_mixin.py:190} INFO - [2025-11-24T23:42:08.147+0000] {override.py:1900} INFO - Created Permission View: menu access on DAG Run:dbt_cloud_stock_pipeline
[2025-11-24T23:42:08.151+0000] {logging_mixin.py:190} INFO - [2025-11-24T23:42:08.151+0000] {override.py:1900} INFO - Created Permission View: can read on DAG Run:dbt_cloud_stock_pipeline
[2025-11-24T23:42:08.155+0000] {logging_mixin.py:190} INFO - [2025-11-24T23:42:08.155+0000] {override.py:1900} INFO - Created Permission View: can create on DAG Run:dbt_cloud_stock_pipeline
[2025-11-24T23:42:08.159+0000] {logging_mixin.py:190} INFO - [2025-11-24T23:42:08.159+0000] {override.py:1900} INFO - Created Permission View: can delete on DAG Run:dbt_cloud_stock_pipeline
[2025-11-24T23:42:08.160+0000] {logging_mixin.py:190} INFO - [2025-11-24T23:42:08.160+0000] {dag.py:3229} INFO - Sync 1 DAGs
[2025-11-24T23:42:08.174+0000] {logging_mixin.py:190} INFO - [2025-11-24T23:42:08.174+0000] {dag.py:3252} INFO - Creating ORM DAG for dbt_cloud_stock_pipeline
[2025-11-24T23:42:08.198+0000] {logging_mixin.py:190} INFO - [2025-11-24T23:42:08.198+0000] {dag.py:4156} INFO - Setting next_dagrun for dbt_cloud_stock_pipeline to 2025-11-23 00:00:00+00:00, run_after=2025-11-24 00:00:00+00:00
[2025-11-24T23:42:08.235+0000] {processor.py:208} INFO - Processing /opt/airflow/dags/dbt_cloud_stock_pipeline.py took 0.482 seconds
[2025-11-24T23:42:38.578+0000] {processor.py:186} INFO - Started process (PID=296) to work on /opt/airflow/dags/dbt_cloud_stock_pipeline.py
[2025-11-24T23:42:38.582+0000] {processor.py:914} INFO - Processing file /opt/airflow/dags/dbt_cloud_stock_pipeline.py for tasks to queue
[2025-11-24T23:42:38.599+0000] {logging_mixin.py:190} INFO - [2025-11-24T23:42:38.597+0000] {dagbag.py:587} INFO - Filling up the DagBag from /opt/airflow/dags/dbt_cloud_stock_pipeline.py
[2025-11-24T23:42:38.646+0000] {processor.py:925} INFO - DAG(s) 'dbt_cloud_stock_pipeline' retrieved from /opt/airflow/dags/dbt_cloud_stock_pipeline.py
[2025-11-24T23:42:38.737+0000] {logging_mixin.py:190} INFO - [2025-11-24T23:42:38.737+0000] {dag.py:3229} INFO - Sync 1 DAGs
[2025-11-24T23:42:38.809+0000] {logging_mixin.py:190} INFO - [2025-11-24T23:42:38.808+0000] {dag.py:4156} INFO - Setting next_dagrun for dbt_cloud_stock_pipeline to 2025-11-23 00:00:00+00:00, run_after=2025-11-24 00:00:00+00:00
[2025-11-24T23:42:38.829+0000] {processor.py:208} INFO - Processing /opt/airflow/dags/dbt_cloud_stock_pipeline.py took 0.286 seconds
[2025-11-24T23:43:09.370+0000] {processor.py:186} INFO - Started process (PID=315) to work on /opt/airflow/dags/dbt_cloud_stock_pipeline.py
[2025-11-24T23:43:09.372+0000] {processor.py:914} INFO - Processing file /opt/airflow/dags/dbt_cloud_stock_pipeline.py for tasks to queue
[2025-11-24T23:43:09.379+0000] {logging_mixin.py:190} INFO - [2025-11-24T23:43:09.379+0000] {dagbag.py:587} INFO - Filling up the DagBag from /opt/airflow/dags/dbt_cloud_stock_pipeline.py
[2025-11-24T23:43:09.392+0000] {processor.py:925} INFO - DAG(s) 'dbt_cloud_stock_pipeline' retrieved from /opt/airflow/dags/dbt_cloud_stock_pipeline.py
[2025-11-24T23:43:09.439+0000] {logging_mixin.py:190} INFO - [2025-11-24T23:43:09.438+0000] {dag.py:3229} INFO - Sync 1 DAGs
[2025-11-24T23:43:09.482+0000] {processor.py:208} INFO - Processing /opt/airflow/dags/dbt_cloud_stock_pipeline.py took 0.135 seconds
[2025-11-24T23:43:40.021+0000] {processor.py:186} INFO - Started process (PID=331) to work on /opt/airflow/dags/dbt_cloud_stock_pipeline.py
[2025-11-24T23:43:40.022+0000] {processor.py:914} INFO - Processing file /opt/airflow/dags/dbt_cloud_stock_pipeline.py for tasks to queue
[2025-11-24T23:43:40.026+0000] {logging_mixin.py:190} INFO - [2025-11-24T23:43:40.025+0000] {dagbag.py:587} INFO - Filling up the DagBag from /opt/airflow/dags/dbt_cloud_stock_pipeline.py
[2025-11-24T23:43:40.047+0000] {processor.py:925} INFO - DAG(s) 'dbt_cloud_stock_pipeline' retrieved from /opt/airflow/dags/dbt_cloud_stock_pipeline.py
[2025-11-24T23:43:40.074+0000] {logging_mixin.py:190} INFO - [2025-11-24T23:43:40.074+0000] {dag.py:3229} INFO - Sync 1 DAGs
[2025-11-24T23:43:40.115+0000] {processor.py:208} INFO - Processing /opt/airflow/dags/dbt_cloud_stock_pipeline.py took 0.115 seconds
[2025-11-24T23:44:10.651+0000] {processor.py:186} INFO - Started process (PID=347) to work on /opt/airflow/dags/dbt_cloud_stock_pipeline.py
[2025-11-24T23:44:10.653+0000] {processor.py:914} INFO - Processing file /opt/airflow/dags/dbt_cloud_stock_pipeline.py for tasks to queue
[2025-11-24T23:44:10.659+0000] {logging_mixin.py:190} INFO - [2025-11-24T23:44:10.658+0000] {dagbag.py:587} INFO - Filling up the DagBag from /opt/airflow/dags/dbt_cloud_stock_pipeline.py
[2025-11-24T23:44:10.682+0000] {processor.py:925} INFO - DAG(s) 'dbt_cloud_stock_pipeline' retrieved from /opt/airflow/dags/dbt_cloud_stock_pipeline.py
[2025-11-24T23:44:10.715+0000] {logging_mixin.py:190} INFO - [2025-11-24T23:44:10.715+0000] {dag.py:3229} INFO - Sync 1 DAGs
[2025-11-24T23:44:10.752+0000] {processor.py:208} INFO - Processing /opt/airflow/dags/dbt_cloud_stock_pipeline.py took 0.116 seconds
[2025-11-24T23:44:41.370+0000] {processor.py:186} INFO - Started process (PID=363) to work on /opt/airflow/dags/dbt_cloud_stock_pipeline.py
[2025-11-24T23:44:41.373+0000] {processor.py:914} INFO - Processing file /opt/airflow/dags/dbt_cloud_stock_pipeline.py for tasks to queue
[2025-11-24T23:44:41.382+0000] {logging_mixin.py:190} INFO - [2025-11-24T23:44:41.382+0000] {dagbag.py:587} INFO - Filling up the DagBag from /opt/airflow/dags/dbt_cloud_stock_pipeline.py
[2025-11-24T23:44:41.405+0000] {processor.py:925} INFO - DAG(s) 'dbt_cloud_stock_pipeline' retrieved from /opt/airflow/dags/dbt_cloud_stock_pipeline.py
[2025-11-24T23:44:41.431+0000] {logging_mixin.py:190} INFO - [2025-11-24T23:44:41.431+0000] {dag.py:3229} INFO - Sync 1 DAGs
[2025-11-24T23:44:41.485+0000] {processor.py:208} INFO - Processing /opt/airflow/dags/dbt_cloud_stock_pipeline.py took 0.134 seconds
[2025-11-24T23:45:12.011+0000] {processor.py:186} INFO - Started process (PID=379) to work on /opt/airflow/dags/dbt_cloud_stock_pipeline.py
[2025-11-24T23:45:12.013+0000] {processor.py:914} INFO - Processing file /opt/airflow/dags/dbt_cloud_stock_pipeline.py for tasks to queue
[2025-11-24T23:45:12.018+0000] {logging_mixin.py:190} INFO - [2025-11-24T23:45:12.017+0000] {dagbag.py:587} INFO - Filling up the DagBag from /opt/airflow/dags/dbt_cloud_stock_pipeline.py
[2025-11-24T23:45:12.040+0000] {processor.py:925} INFO - DAG(s) 'dbt_cloud_stock_pipeline' retrieved from /opt/airflow/dags/dbt_cloud_stock_pipeline.py
[2025-11-24T23:45:12.068+0000] {logging_mixin.py:190} INFO - [2025-11-24T23:45:12.068+0000] {dag.py:3229} INFO - Sync 1 DAGs
[2025-11-24T23:45:12.105+0000] {processor.py:208} INFO - Processing /opt/airflow/dags/dbt_cloud_stock_pipeline.py took 0.110 seconds
[2025-11-24T23:45:42.640+0000] {processor.py:186} INFO - Started process (PID=395) to work on /opt/airflow/dags/dbt_cloud_stock_pipeline.py
[2025-11-24T23:45:42.641+0000] {processor.py:914} INFO - Processing file /opt/airflow/dags/dbt_cloud_stock_pipeline.py for tasks to queue
[2025-11-24T23:45:42.649+0000] {logging_mixin.py:190} INFO - [2025-11-24T23:45:42.647+0000] {dagbag.py:587} INFO - Filling up the DagBag from /opt/airflow/dags/dbt_cloud_stock_pipeline.py
[2025-11-24T23:45:42.669+0000] {processor.py:925} INFO - DAG(s) 'dbt_cloud_stock_pipeline' retrieved from /opt/airflow/dags/dbt_cloud_stock_pipeline.py
[2025-11-24T23:45:42.706+0000] {logging_mixin.py:190} INFO - [2025-11-24T23:45:42.706+0000] {dag.py:3229} INFO - Sync 1 DAGs
[2025-11-24T23:45:42.739+0000] {processor.py:208} INFO - Processing /opt/airflow/dags/dbt_cloud_stock_pipeline.py took 0.113 seconds
[2025-11-24T23:46:13.269+0000] {processor.py:186} INFO - Started process (PID=411) to work on /opt/airflow/dags/dbt_cloud_stock_pipeline.py
[2025-11-24T23:46:13.272+0000] {processor.py:914} INFO - Processing file /opt/airflow/dags/dbt_cloud_stock_pipeline.py for tasks to queue
[2025-11-24T23:46:13.278+0000] {logging_mixin.py:190} INFO - [2025-11-24T23:46:13.277+0000] {dagbag.py:587} INFO - Filling up the DagBag from /opt/airflow/dags/dbt_cloud_stock_pipeline.py
[2025-11-24T23:46:13.294+0000] {processor.py:925} INFO - DAG(s) 'dbt_cloud_stock_pipeline' retrieved from /opt/airflow/dags/dbt_cloud_stock_pipeline.py
[2025-11-24T23:46:13.320+0000] {logging_mixin.py:190} INFO - [2025-11-24T23:46:13.320+0000] {dag.py:3229} INFO - Sync 1 DAGs
[2025-11-24T23:46:13.353+0000] {processor.py:208} INFO - Processing /opt/airflow/dags/dbt_cloud_stock_pipeline.py took 0.098 seconds
[2025-11-24T23:46:43.955+0000] {processor.py:186} INFO - Started process (PID=427) to work on /opt/airflow/dags/dbt_cloud_stock_pipeline.py
[2025-11-24T23:46:43.959+0000] {processor.py:914} INFO - Processing file /opt/airflow/dags/dbt_cloud_stock_pipeline.py for tasks to queue
[2025-11-24T23:46:43.965+0000] {logging_mixin.py:190} INFO - [2025-11-24T23:46:43.964+0000] {dagbag.py:587} INFO - Filling up the DagBag from /opt/airflow/dags/dbt_cloud_stock_pipeline.py
[2025-11-24T23:46:43.989+0000] {processor.py:925} INFO - DAG(s) 'dbt_cloud_stock_pipeline' retrieved from /opt/airflow/dags/dbt_cloud_stock_pipeline.py
[2025-11-24T23:46:44.027+0000] {logging_mixin.py:190} INFO - [2025-11-24T23:46:44.027+0000] {dag.py:3229} INFO - Sync 1 DAGs
[2025-11-24T23:46:44.080+0000] {processor.py:208} INFO - Processing /opt/airflow/dags/dbt_cloud_stock_pipeline.py took 0.146 seconds
[2025-11-24T23:47:14.635+0000] {processor.py:186} INFO - Started process (PID=443) to work on /opt/airflow/dags/dbt_cloud_stock_pipeline.py
[2025-11-24T23:47:14.638+0000] {processor.py:914} INFO - Processing file /opt/airflow/dags/dbt_cloud_stock_pipeline.py for tasks to queue
[2025-11-24T23:47:14.642+0000] {logging_mixin.py:190} INFO - [2025-11-24T23:47:14.641+0000] {dagbag.py:587} INFO - Filling up the DagBag from /opt/airflow/dags/dbt_cloud_stock_pipeline.py
[2025-11-24T23:47:14.665+0000] {processor.py:925} INFO - DAG(s) 'dbt_cloud_stock_pipeline' retrieved from /opt/airflow/dags/dbt_cloud_stock_pipeline.py
[2025-11-24T23:47:14.690+0000] {logging_mixin.py:190} INFO - [2025-11-24T23:47:14.690+0000] {dag.py:3229} INFO - Sync 1 DAGs
[2025-11-24T23:47:14.723+0000] {processor.py:208} INFO - Processing /opt/airflow/dags/dbt_cloud_stock_pipeline.py took 0.105 seconds
[2025-11-24T23:47:45.143+0000] {processor.py:186} INFO - Started process (PID=462) to work on /opt/airflow/dags/dbt_cloud_stock_pipeline.py
[2025-11-24T23:47:45.145+0000] {processor.py:914} INFO - Processing file /opt/airflow/dags/dbt_cloud_stock_pipeline.py for tasks to queue
[2025-11-24T23:47:45.149+0000] {logging_mixin.py:190} INFO - [2025-11-24T23:47:45.148+0000] {dagbag.py:587} INFO - Filling up the DagBag from /opt/airflow/dags/dbt_cloud_stock_pipeline.py
[2025-11-24T23:47:45.167+0000] {processor.py:925} INFO - DAG(s) 'dbt_cloud_stock_pipeline' retrieved from /opt/airflow/dags/dbt_cloud_stock_pipeline.py
[2025-11-24T23:47:45.190+0000] {logging_mixin.py:190} INFO - [2025-11-24T23:47:45.190+0000] {dag.py:3229} INFO - Sync 1 DAGs
[2025-11-24T23:47:45.211+0000] {logging_mixin.py:190} INFO - [2025-11-24T23:47:45.210+0000] {dag.py:4156} INFO - Setting next_dagrun for dbt_cloud_stock_pipeline to 2025-11-24 00:00:00+00:00, run_after=2025-11-25 00:00:00+00:00
[2025-11-24T23:47:45.223+0000] {processor.py:208} INFO - Processing /opt/airflow/dags/dbt_cloud_stock_pipeline.py took 0.095 seconds
[2025-11-24T23:48:15.703+0000] {processor.py:186} INFO - Started process (PID=479) to work on /opt/airflow/dags/dbt_cloud_stock_pipeline.py
[2025-11-24T23:48:15.705+0000] {processor.py:914} INFO - Processing file /opt/airflow/dags/dbt_cloud_stock_pipeline.py for tasks to queue
[2025-11-24T23:48:15.710+0000] {logging_mixin.py:190} INFO - [2025-11-24T23:48:15.710+0000] {dagbag.py:587} INFO - Filling up the DagBag from /opt/airflow/dags/dbt_cloud_stock_pipeline.py
[2025-11-24T23:48:15.733+0000] {processor.py:925} INFO - DAG(s) 'dbt_cloud_stock_pipeline' retrieved from /opt/airflow/dags/dbt_cloud_stock_pipeline.py
[2025-11-24T23:48:15.763+0000] {logging_mixin.py:190} INFO - [2025-11-24T23:48:15.763+0000] {dag.py:3229} INFO - Sync 1 DAGs
[2025-11-24T23:48:15.783+0000] {logging_mixin.py:190} INFO - [2025-11-24T23:48:15.783+0000] {dag.py:4156} INFO - Setting next_dagrun for dbt_cloud_stock_pipeline to 2025-11-24 00:00:00+00:00, run_after=2025-11-25 00:00:00+00:00
[2025-11-24T23:48:15.796+0000] {processor.py:208} INFO - Processing /opt/airflow/dags/dbt_cloud_stock_pipeline.py took 0.107 seconds
[2025-11-24T23:48:46.235+0000] {processor.py:186} INFO - Started process (PID=495) to work on /opt/airflow/dags/dbt_cloud_stock_pipeline.py
[2025-11-24T23:48:46.236+0000] {processor.py:914} INFO - Processing file /opt/airflow/dags/dbt_cloud_stock_pipeline.py for tasks to queue
[2025-11-24T23:48:46.242+0000] {logging_mixin.py:190} INFO - [2025-11-24T23:48:46.240+0000] {dagbag.py:587} INFO - Filling up the DagBag from /opt/airflow/dags/dbt_cloud_stock_pipeline.py
[2025-11-24T23:48:46.265+0000] {processor.py:925} INFO - DAG(s) 'dbt_cloud_stock_pipeline' retrieved from /opt/airflow/dags/dbt_cloud_stock_pipeline.py
[2025-11-24T23:48:46.304+0000] {logging_mixin.py:190} INFO - [2025-11-24T23:48:46.304+0000] {dag.py:3229} INFO - Sync 1 DAGs
[2025-11-24T23:48:46.321+0000] {logging_mixin.py:190} INFO - [2025-11-24T23:48:46.321+0000] {dag.py:4156} INFO - Setting next_dagrun for dbt_cloud_stock_pipeline to 2025-11-24 00:00:00+00:00, run_after=2025-11-25 00:00:00+00:00
[2025-11-24T23:48:46.333+0000] {processor.py:208} INFO - Processing /opt/airflow/dags/dbt_cloud_stock_pipeline.py took 0.122 seconds
[2025-11-24T23:49:16.851+0000] {processor.py:186} INFO - Started process (PID=511) to work on /opt/airflow/dags/dbt_cloud_stock_pipeline.py
[2025-11-24T23:49:16.854+0000] {processor.py:914} INFO - Processing file /opt/airflow/dags/dbt_cloud_stock_pipeline.py for tasks to queue
[2025-11-24T23:49:16.860+0000] {logging_mixin.py:190} INFO - [2025-11-24T23:49:16.857+0000] {dagbag.py:587} INFO - Filling up the DagBag from /opt/airflow/dags/dbt_cloud_stock_pipeline.py
[2025-11-24T23:49:16.878+0000] {processor.py:925} INFO - DAG(s) 'dbt_cloud_stock_pipeline' retrieved from /opt/airflow/dags/dbt_cloud_stock_pipeline.py
[2025-11-24T23:49:16.900+0000] {logging_mixin.py:190} INFO - [2025-11-24T23:49:16.900+0000] {dag.py:3229} INFO - Sync 1 DAGs
[2025-11-24T23:49:16.919+0000] {logging_mixin.py:190} INFO - [2025-11-24T23:49:16.919+0000] {dag.py:4156} INFO - Setting next_dagrun for dbt_cloud_stock_pipeline to 2025-11-24 00:00:00+00:00, run_after=2025-11-25 00:00:00+00:00
[2025-11-24T23:49:16.932+0000] {processor.py:208} INFO - Processing /opt/airflow/dags/dbt_cloud_stock_pipeline.py took 0.102 seconds
[2025-11-24T23:49:47.514+0000] {processor.py:186} INFO - Started process (PID=527) to work on /opt/airflow/dags/dbt_cloud_stock_pipeline.py
[2025-11-24T23:49:47.518+0000] {processor.py:914} INFO - Processing file /opt/airflow/dags/dbt_cloud_stock_pipeline.py for tasks to queue
[2025-11-24T23:49:47.526+0000] {logging_mixin.py:190} INFO - [2025-11-24T23:49:47.525+0000] {dagbag.py:587} INFO - Filling up the DagBag from /opt/airflow/dags/dbt_cloud_stock_pipeline.py
[2025-11-24T23:49:47.544+0000] {processor.py:925} INFO - DAG(s) 'dbt_cloud_stock_pipeline' retrieved from /opt/airflow/dags/dbt_cloud_stock_pipeline.py
[2025-11-24T23:49:47.572+0000] {logging_mixin.py:190} INFO - [2025-11-24T23:49:47.572+0000] {dag.py:3229} INFO - Sync 1 DAGs
[2025-11-24T23:49:47.596+0000] {logging_mixin.py:190} INFO - [2025-11-24T23:49:47.596+0000] {dag.py:4156} INFO - Setting next_dagrun for dbt_cloud_stock_pipeline to 2025-11-24 00:00:00+00:00, run_after=2025-11-25 00:00:00+00:00
[2025-11-24T23:49:47.610+0000] {processor.py:208} INFO - Processing /opt/airflow/dags/dbt_cloud_stock_pipeline.py took 0.113 seconds
[2025-11-24T23:50:18.440+0000] {processor.py:186} INFO - Started process (PID=543) to work on /opt/airflow/dags/dbt_cloud_stock_pipeline.py
[2025-11-24T23:50:18.443+0000] {processor.py:914} INFO - Processing file /opt/airflow/dags/dbt_cloud_stock_pipeline.py for tasks to queue
[2025-11-24T23:50:18.448+0000] {logging_mixin.py:190} INFO - [2025-11-24T23:50:18.447+0000] {dagbag.py:587} INFO - Filling up the DagBag from /opt/airflow/dags/dbt_cloud_stock_pipeline.py
[2025-11-24T23:50:18.465+0000] {processor.py:925} INFO - DAG(s) 'dbt_cloud_stock_pipeline' retrieved from /opt/airflow/dags/dbt_cloud_stock_pipeline.py
[2025-11-24T23:50:18.496+0000] {logging_mixin.py:190} INFO - [2025-11-24T23:50:18.496+0000] {dag.py:3229} INFO - Sync 1 DAGs
[2025-11-24T23:50:18.523+0000] {logging_mixin.py:190} INFO - [2025-11-24T23:50:18.522+0000] {dag.py:4156} INFO - Setting next_dagrun for dbt_cloud_stock_pipeline to 2025-11-24 00:00:00+00:00, run_after=2025-11-25 00:00:00+00:00
[2025-11-24T23:50:18.541+0000] {processor.py:208} INFO - Processing /opt/airflow/dags/dbt_cloud_stock_pipeline.py took 0.121 seconds
[2025-11-24T23:50:49.033+0000] {processor.py:186} INFO - Started process (PID=559) to work on /opt/airflow/dags/dbt_cloud_stock_pipeline.py
[2025-11-24T23:50:49.034+0000] {processor.py:914} INFO - Processing file /opt/airflow/dags/dbt_cloud_stock_pipeline.py for tasks to queue
[2025-11-24T23:50:49.038+0000] {logging_mixin.py:190} INFO - [2025-11-24T23:50:49.038+0000] {dagbag.py:587} INFO - Filling up the DagBag from /opt/airflow/dags/dbt_cloud_stock_pipeline.py
[2025-11-24T23:50:49.057+0000] {processor.py:925} INFO - DAG(s) 'dbt_cloud_stock_pipeline' retrieved from /opt/airflow/dags/dbt_cloud_stock_pipeline.py
[2025-11-24T23:50:49.085+0000] {logging_mixin.py:190} INFO - [2025-11-24T23:50:49.084+0000] {dag.py:3229} INFO - Sync 1 DAGs
[2025-11-24T23:50:49.108+0000] {logging_mixin.py:190} INFO - [2025-11-24T23:50:49.107+0000] {dag.py:4156} INFO - Setting next_dagrun for dbt_cloud_stock_pipeline to 2025-11-24 00:00:00+00:00, run_after=2025-11-25 00:00:00+00:00
[2025-11-24T23:50:49.121+0000] {processor.py:208} INFO - Processing /opt/airflow/dags/dbt_cloud_stock_pipeline.py took 0.105 seconds
[2025-11-24T23:51:19.590+0000] {processor.py:186} INFO - Started process (PID=581) to work on /opt/airflow/dags/dbt_cloud_stock_pipeline.py
[2025-11-24T23:51:19.593+0000] {processor.py:914} INFO - Processing file /opt/airflow/dags/dbt_cloud_stock_pipeline.py for tasks to queue
[2025-11-24T23:51:19.597+0000] {logging_mixin.py:190} INFO - [2025-11-24T23:51:19.596+0000] {dagbag.py:587} INFO - Filling up the DagBag from /opt/airflow/dags/dbt_cloud_stock_pipeline.py
[2025-11-24T23:51:19.618+0000] {processor.py:925} INFO - DAG(s) 'dbt_cloud_stock_pipeline' retrieved from /opt/airflow/dags/dbt_cloud_stock_pipeline.py
[2025-11-24T23:51:19.643+0000] {logging_mixin.py:190} INFO - [2025-11-24T23:51:19.643+0000] {dag.py:3229} INFO - Sync 1 DAGs
[2025-11-24T23:51:19.664+0000] {logging_mixin.py:190} INFO - [2025-11-24T23:51:19.664+0000] {dag.py:4156} INFO - Setting next_dagrun for dbt_cloud_stock_pipeline to 2025-11-24 00:00:00+00:00, run_after=2025-11-25 00:00:00+00:00
[2025-11-24T23:51:19.680+0000] {processor.py:208} INFO - Processing /opt/airflow/dags/dbt_cloud_stock_pipeline.py took 0.103 seconds
[2025-11-24T23:51:50.229+0000] {processor.py:186} INFO - Started process (PID=597) to work on /opt/airflow/dags/dbt_cloud_stock_pipeline.py
[2025-11-24T23:51:50.232+0000] {processor.py:914} INFO - Processing file /opt/airflow/dags/dbt_cloud_stock_pipeline.py for tasks to queue
[2025-11-24T23:51:50.241+0000] {logging_mixin.py:190} INFO - [2025-11-24T23:51:50.240+0000] {dagbag.py:587} INFO - Filling up the DagBag from /opt/airflow/dags/dbt_cloud_stock_pipeline.py
[2025-11-24T23:51:50.276+0000] {processor.py:925} INFO - DAG(s) 'dbt_cloud_stock_pipeline' retrieved from /opt/airflow/dags/dbt_cloud_stock_pipeline.py
[2025-11-24T23:51:50.300+0000] {logging_mixin.py:190} INFO - [2025-11-24T23:51:50.300+0000] {dag.py:3229} INFO - Sync 1 DAGs
[2025-11-24T23:51:50.325+0000] {logging_mixin.py:190} INFO - [2025-11-24T23:51:50.325+0000] {dag.py:4156} INFO - Setting next_dagrun for dbt_cloud_stock_pipeline to 2025-11-24 00:00:00+00:00, run_after=2025-11-25 00:00:00+00:00
[2025-11-24T23:51:50.339+0000] {processor.py:208} INFO - Processing /opt/airflow/dags/dbt_cloud_stock_pipeline.py took 0.130 seconds
[2025-11-24T23:52:20.910+0000] {processor.py:186} INFO - Started process (PID=613) to work on /opt/airflow/dags/dbt_cloud_stock_pipeline.py
[2025-11-24T23:52:20.911+0000] {processor.py:914} INFO - Processing file /opt/airflow/dags/dbt_cloud_stock_pipeline.py for tasks to queue
[2025-11-24T23:52:20.916+0000] {logging_mixin.py:190} INFO - [2025-11-24T23:52:20.915+0000] {dagbag.py:587} INFO - Filling up the DagBag from /opt/airflow/dags/dbt_cloud_stock_pipeline.py
[2025-11-24T23:52:20.939+0000] {processor.py:925} INFO - DAG(s) 'dbt_cloud_stock_pipeline' retrieved from /opt/airflow/dags/dbt_cloud_stock_pipeline.py
[2025-11-24T23:52:20.984+0000] {logging_mixin.py:190} INFO - [2025-11-24T23:52:20.984+0000] {dag.py:3229} INFO - Sync 1 DAGs
[2025-11-24T23:52:21.011+0000] {logging_mixin.py:190} INFO - [2025-11-24T23:52:21.011+0000] {dag.py:4156} INFO - Setting next_dagrun for dbt_cloud_stock_pipeline to 2025-11-24 00:00:00+00:00, run_after=2025-11-25 00:00:00+00:00
[2025-11-24T23:52:21.027+0000] {processor.py:208} INFO - Processing /opt/airflow/dags/dbt_cloud_stock_pipeline.py took 0.129 seconds
[2025-11-24T23:52:51.736+0000] {processor.py:186} INFO - Started process (PID=629) to work on /opt/airflow/dags/dbt_cloud_stock_pipeline.py
[2025-11-24T23:52:51.739+0000] {processor.py:914} INFO - Processing file /opt/airflow/dags/dbt_cloud_stock_pipeline.py for tasks to queue
[2025-11-24T23:52:51.743+0000] {logging_mixin.py:190} INFO - [2025-11-24T23:52:51.743+0000] {dagbag.py:587} INFO - Filling up the DagBag from /opt/airflow/dags/dbt_cloud_stock_pipeline.py
[2025-11-24T23:52:51.764+0000] {processor.py:925} INFO - DAG(s) 'dbt_cloud_stock_pipeline' retrieved from /opt/airflow/dags/dbt_cloud_stock_pipeline.py
[2025-11-24T23:52:51.808+0000] {logging_mixin.py:190} INFO - [2025-11-24T23:52:51.807+0000] {dag.py:3229} INFO - Sync 1 DAGs
[2025-11-24T23:52:51.833+0000] {logging_mixin.py:190} INFO - [2025-11-24T23:52:51.833+0000] {dag.py:4156} INFO - Setting next_dagrun for dbt_cloud_stock_pipeline to 2025-11-24 00:00:00+00:00, run_after=2025-11-25 00:00:00+00:00
[2025-11-24T23:52:51.851+0000] {processor.py:208} INFO - Processing /opt/airflow/dags/dbt_cloud_stock_pipeline.py took 0.131 seconds
[2025-11-24T23:53:22.367+0000] {processor.py:186} INFO - Started process (PID=645) to work on /opt/airflow/dags/dbt_cloud_stock_pipeline.py
[2025-11-24T23:53:22.369+0000] {processor.py:914} INFO - Processing file /opt/airflow/dags/dbt_cloud_stock_pipeline.py for tasks to queue
[2025-11-24T23:53:22.374+0000] {logging_mixin.py:190} INFO - [2025-11-24T23:53:22.373+0000] {dagbag.py:587} INFO - Filling up the DagBag from /opt/airflow/dags/dbt_cloud_stock_pipeline.py
[2025-11-24T23:53:22.394+0000] {processor.py:925} INFO - DAG(s) 'dbt_cloud_stock_pipeline' retrieved from /opt/airflow/dags/dbt_cloud_stock_pipeline.py
[2025-11-24T23:53:22.425+0000] {logging_mixin.py:190} INFO - [2025-11-24T23:53:22.425+0000] {dag.py:3229} INFO - Sync 1 DAGs
[2025-11-24T23:53:22.444+0000] {logging_mixin.py:190} INFO - [2025-11-24T23:53:22.444+0000] {dag.py:4156} INFO - Setting next_dagrun for dbt_cloud_stock_pipeline to 2025-11-24 00:00:00+00:00, run_after=2025-11-25 00:00:00+00:00
[2025-11-24T23:53:22.459+0000] {processor.py:208} INFO - Processing /opt/airflow/dags/dbt_cloud_stock_pipeline.py took 0.112 seconds
[2025-11-24T23:53:52.983+0000] {processor.py:186} INFO - Started process (PID=661) to work on /opt/airflow/dags/dbt_cloud_stock_pipeline.py
[2025-11-24T23:53:52.985+0000] {processor.py:914} INFO - Processing file /opt/airflow/dags/dbt_cloud_stock_pipeline.py for tasks to queue
[2025-11-24T23:53:52.991+0000] {logging_mixin.py:190} INFO - [2025-11-24T23:53:52.990+0000] {dagbag.py:587} INFO - Filling up the DagBag from /opt/airflow/dags/dbt_cloud_stock_pipeline.py
[2025-11-24T23:53:53.010+0000] {processor.py:925} INFO - DAG(s) 'dbt_cloud_stock_pipeline' retrieved from /opt/airflow/dags/dbt_cloud_stock_pipeline.py
[2025-11-24T23:53:53.037+0000] {logging_mixin.py:190} INFO - [2025-11-24T23:53:53.036+0000] {dag.py:3229} INFO - Sync 1 DAGs
[2025-11-24T23:53:53.067+0000] {logging_mixin.py:190} INFO - [2025-11-24T23:53:53.066+0000] {dag.py:4156} INFO - Setting next_dagrun for dbt_cloud_stock_pipeline to 2025-11-24 00:00:00+00:00, run_after=2025-11-25 00:00:00+00:00
[2025-11-24T23:53:53.081+0000] {processor.py:208} INFO - Processing /opt/airflow/dags/dbt_cloud_stock_pipeline.py took 0.116 seconds
[2025-11-24T23:54:23.544+0000] {processor.py:186} INFO - Started process (PID=677) to work on /opt/airflow/dags/dbt_cloud_stock_pipeline.py
[2025-11-24T23:54:23.546+0000] {processor.py:914} INFO - Processing file /opt/airflow/dags/dbt_cloud_stock_pipeline.py for tasks to queue
[2025-11-24T23:54:23.551+0000] {logging_mixin.py:190} INFO - [2025-11-24T23:54:23.550+0000] {dagbag.py:587} INFO - Filling up the DagBag from /opt/airflow/dags/dbt_cloud_stock_pipeline.py
[2025-11-24T23:54:23.573+0000] {processor.py:925} INFO - DAG(s) 'dbt_cloud_stock_pipeline' retrieved from /opt/airflow/dags/dbt_cloud_stock_pipeline.py
[2025-11-24T23:54:23.602+0000] {logging_mixin.py:190} INFO - [2025-11-24T23:54:23.602+0000] {dag.py:3229} INFO - Sync 1 DAGs
[2025-11-24T23:54:23.622+0000] {logging_mixin.py:190} INFO - [2025-11-24T23:54:23.621+0000] {dag.py:4156} INFO - Setting next_dagrun for dbt_cloud_stock_pipeline to 2025-11-24 00:00:00+00:00, run_after=2025-11-25 00:00:00+00:00
[2025-11-24T23:54:23.636+0000] {processor.py:208} INFO - Processing /opt/airflow/dags/dbt_cloud_stock_pipeline.py took 0.116 seconds
[2025-11-24T23:54:54.264+0000] {processor.py:186} INFO - Started process (PID=693) to work on /opt/airflow/dags/dbt_cloud_stock_pipeline.py
[2025-11-24T23:54:54.268+0000] {processor.py:914} INFO - Processing file /opt/airflow/dags/dbt_cloud_stock_pipeline.py for tasks to queue
[2025-11-24T23:54:54.273+0000] {logging_mixin.py:190} INFO - [2025-11-24T23:54:54.273+0000] {dagbag.py:587} INFO - Filling up the DagBag from /opt/airflow/dags/dbt_cloud_stock_pipeline.py
[2025-11-24T23:54:54.292+0000] {processor.py:925} INFO - DAG(s) 'dbt_cloud_stock_pipeline' retrieved from /opt/airflow/dags/dbt_cloud_stock_pipeline.py
[2025-11-24T23:54:54.332+0000] {logging_mixin.py:190} INFO - [2025-11-24T23:54:54.331+0000] {dag.py:3229} INFO - Sync 1 DAGs
[2025-11-24T23:54:54.352+0000] {logging_mixin.py:190} INFO - [2025-11-24T23:54:54.352+0000] {dag.py:4156} INFO - Setting next_dagrun for dbt_cloud_stock_pipeline to 2025-11-24 00:00:00+00:00, run_after=2025-11-25 00:00:00+00:00
[2025-11-24T23:54:54.367+0000] {processor.py:208} INFO - Processing /opt/airflow/dags/dbt_cloud_stock_pipeline.py took 0.118 seconds
[2025-11-24T23:55:24.911+0000] {processor.py:186} INFO - Started process (PID=709) to work on /opt/airflow/dags/dbt_cloud_stock_pipeline.py
[2025-11-24T23:55:24.912+0000] {processor.py:914} INFO - Processing file /opt/airflow/dags/dbt_cloud_stock_pipeline.py for tasks to queue
[2025-11-24T23:55:24.918+0000] {logging_mixin.py:190} INFO - [2025-11-24T23:55:24.917+0000] {dagbag.py:587} INFO - Filling up the DagBag from /opt/airflow/dags/dbt_cloud_stock_pipeline.py
[2025-11-24T23:55:24.938+0000] {processor.py:925} INFO - DAG(s) 'dbt_cloud_stock_pipeline' retrieved from /opt/airflow/dags/dbt_cloud_stock_pipeline.py
[2025-11-24T23:55:24.967+0000] {logging_mixin.py:190} INFO - [2025-11-24T23:55:24.967+0000] {dag.py:3229} INFO - Sync 1 DAGs
[2025-11-24T23:55:24.988+0000] {logging_mixin.py:190} INFO - [2025-11-24T23:55:24.988+0000] {dag.py:4156} INFO - Setting next_dagrun for dbt_cloud_stock_pipeline to 2025-11-24 00:00:00+00:00, run_after=2025-11-25 00:00:00+00:00
[2025-11-24T23:55:24.999+0000] {processor.py:208} INFO - Processing /opt/airflow/dags/dbt_cloud_stock_pipeline.py took 0.109 seconds
[2025-11-24T23:55:55.390+0000] {processor.py:186} INFO - Started process (PID=725) to work on /opt/airflow/dags/dbt_cloud_stock_pipeline.py
[2025-11-24T23:55:55.392+0000] {processor.py:914} INFO - Processing file /opt/airflow/dags/dbt_cloud_stock_pipeline.py for tasks to queue
[2025-11-24T23:55:55.397+0000] {logging_mixin.py:190} INFO - [2025-11-24T23:55:55.396+0000] {dagbag.py:587} INFO - Filling up the DagBag from /opt/airflow/dags/dbt_cloud_stock_pipeline.py
[2025-11-24T23:55:55.417+0000] {processor.py:925} INFO - DAG(s) 'dbt_cloud_stock_pipeline' retrieved from /opt/airflow/dags/dbt_cloud_stock_pipeline.py
[2025-11-24T23:55:55.447+0000] {logging_mixin.py:190} INFO - [2025-11-24T23:55:55.446+0000] {dag.py:3229} INFO - Sync 1 DAGs
[2025-11-24T23:55:55.465+0000] {logging_mixin.py:190} INFO - [2025-11-24T23:55:55.465+0000] {dag.py:4156} INFO - Setting next_dagrun for dbt_cloud_stock_pipeline to 2025-11-24 00:00:00+00:00, run_after=2025-11-25 00:00:00+00:00
[2025-11-24T23:55:55.476+0000] {processor.py:208} INFO - Processing /opt/airflow/dags/dbt_cloud_stock_pipeline.py took 0.106 seconds
[2025-11-24T23:56:25.948+0000] {processor.py:186} INFO - Started process (PID=741) to work on /opt/airflow/dags/dbt_cloud_stock_pipeline.py
[2025-11-24T23:56:25.950+0000] {processor.py:914} INFO - Processing file /opt/airflow/dags/dbt_cloud_stock_pipeline.py for tasks to queue
[2025-11-24T23:56:25.958+0000] {logging_mixin.py:190} INFO - [2025-11-24T23:56:25.957+0000] {dagbag.py:587} INFO - Filling up the DagBag from /opt/airflow/dags/dbt_cloud_stock_pipeline.py
[2025-11-24T23:56:25.976+0000] {processor.py:925} INFO - DAG(s) 'dbt_cloud_stock_pipeline' retrieved from /opt/airflow/dags/dbt_cloud_stock_pipeline.py
[2025-11-24T23:56:26.004+0000] {logging_mixin.py:190} INFO - [2025-11-24T23:56:26.004+0000] {dag.py:3229} INFO - Sync 1 DAGs
[2025-11-24T23:56:26.025+0000] {logging_mixin.py:190} INFO - [2025-11-24T23:56:26.024+0000] {dag.py:4156} INFO - Setting next_dagrun for dbt_cloud_stock_pipeline to 2025-11-24 00:00:00+00:00, run_after=2025-11-25 00:00:00+00:00
[2025-11-24T23:56:26.036+0000] {processor.py:208} INFO - Processing /opt/airflow/dags/dbt_cloud_stock_pipeline.py took 0.106 seconds
[2025-11-24T23:56:56.510+0000] {processor.py:186} INFO - Started process (PID=757) to work on /opt/airflow/dags/dbt_cloud_stock_pipeline.py
[2025-11-24T23:56:56.511+0000] {processor.py:914} INFO - Processing file /opt/airflow/dags/dbt_cloud_stock_pipeline.py for tasks to queue
[2025-11-24T23:56:56.516+0000] {logging_mixin.py:190} INFO - [2025-11-24T23:56:56.515+0000] {dagbag.py:587} INFO - Filling up the DagBag from /opt/airflow/dags/dbt_cloud_stock_pipeline.py
[2025-11-24T23:56:56.530+0000] {processor.py:925} INFO - DAG(s) 'dbt_cloud_stock_pipeline' retrieved from /opt/airflow/dags/dbt_cloud_stock_pipeline.py
[2025-11-24T23:56:56.561+0000] {logging_mixin.py:190} INFO - [2025-11-24T23:56:56.561+0000] {dag.py:3229} INFO - Sync 1 DAGs
[2025-11-24T23:56:56.582+0000] {logging_mixin.py:190} INFO - [2025-11-24T23:56:56.582+0000] {dag.py:4156} INFO - Setting next_dagrun for dbt_cloud_stock_pipeline to 2025-11-24 00:00:00+00:00, run_after=2025-11-25 00:00:00+00:00
[2025-11-24T23:56:56.599+0000] {processor.py:208} INFO - Processing /opt/airflow/dags/dbt_cloud_stock_pipeline.py took 0.106 seconds
[2025-11-24T23:57:27.171+0000] {processor.py:186} INFO - Started process (PID=773) to work on /opt/airflow/dags/dbt_cloud_stock_pipeline.py
[2025-11-24T23:57:27.173+0000] {processor.py:914} INFO - Processing file /opt/airflow/dags/dbt_cloud_stock_pipeline.py for tasks to queue
[2025-11-24T23:57:27.178+0000] {logging_mixin.py:190} INFO - [2025-11-24T23:57:27.177+0000] {dagbag.py:587} INFO - Filling up the DagBag from /opt/airflow/dags/dbt_cloud_stock_pipeline.py
[2025-11-24T23:57:27.194+0000] {processor.py:925} INFO - DAG(s) 'dbt_cloud_stock_pipeline' retrieved from /opt/airflow/dags/dbt_cloud_stock_pipeline.py
[2025-11-24T23:57:27.217+0000] {logging_mixin.py:190} INFO - [2025-11-24T23:57:27.217+0000] {dag.py:3229} INFO - Sync 1 DAGs
[2025-11-24T23:57:27.235+0000] {logging_mixin.py:190} INFO - [2025-11-24T23:57:27.235+0000] {dag.py:4156} INFO - Setting next_dagrun for dbt_cloud_stock_pipeline to 2025-11-24 00:00:00+00:00, run_after=2025-11-25 00:00:00+00:00
[2025-11-24T23:57:27.249+0000] {processor.py:208} INFO - Processing /opt/airflow/dags/dbt_cloud_stock_pipeline.py took 0.093 seconds
[2025-11-24T23:57:57.796+0000] {processor.py:186} INFO - Started process (PID=789) to work on /opt/airflow/dags/dbt_cloud_stock_pipeline.py
[2025-11-24T23:57:57.798+0000] {processor.py:914} INFO - Processing file /opt/airflow/dags/dbt_cloud_stock_pipeline.py for tasks to queue
[2025-11-24T23:57:57.802+0000] {logging_mixin.py:190} INFO - [2025-11-24T23:57:57.802+0000] {dagbag.py:587} INFO - Filling up the DagBag from /opt/airflow/dags/dbt_cloud_stock_pipeline.py
[2025-11-24T23:57:57.820+0000] {processor.py:925} INFO - DAG(s) 'dbt_cloud_stock_pipeline' retrieved from /opt/airflow/dags/dbt_cloud_stock_pipeline.py
[2025-11-24T23:57:57.847+0000] {logging_mixin.py:190} INFO - [2025-11-24T23:57:57.847+0000] {dag.py:3229} INFO - Sync 1 DAGs
[2025-11-24T23:57:57.870+0000] {logging_mixin.py:190} INFO - [2025-11-24T23:57:57.870+0000] {dag.py:4156} INFO - Setting next_dagrun for dbt_cloud_stock_pipeline to 2025-11-24 00:00:00+00:00, run_after=2025-11-25 00:00:00+00:00
[2025-11-24T23:57:57.882+0000] {processor.py:208} INFO - Processing /opt/airflow/dags/dbt_cloud_stock_pipeline.py took 0.111 seconds
[2025-11-24T23:58:28.344+0000] {processor.py:186} INFO - Started process (PID=805) to work on /opt/airflow/dags/dbt_cloud_stock_pipeline.py
[2025-11-24T23:58:28.346+0000] {processor.py:914} INFO - Processing file /opt/airflow/dags/dbt_cloud_stock_pipeline.py for tasks to queue
[2025-11-24T23:58:28.351+0000] {logging_mixin.py:190} INFO - [2025-11-24T23:58:28.351+0000] {dagbag.py:587} INFO - Filling up the DagBag from /opt/airflow/dags/dbt_cloud_stock_pipeline.py
[2025-11-24T23:58:28.369+0000] {processor.py:925} INFO - DAG(s) 'dbt_cloud_stock_pipeline' retrieved from /opt/airflow/dags/dbt_cloud_stock_pipeline.py
[2025-11-24T23:58:28.396+0000] {logging_mixin.py:190} INFO - [2025-11-24T23:58:28.396+0000] {dag.py:3229} INFO - Sync 1 DAGs
[2025-11-24T23:58:28.420+0000] {logging_mixin.py:190} INFO - [2025-11-24T23:58:28.420+0000] {dag.py:4156} INFO - Setting next_dagrun for dbt_cloud_stock_pipeline to 2025-11-24 00:00:00+00:00, run_after=2025-11-25 00:00:00+00:00
[2025-11-24T23:58:28.437+0000] {processor.py:208} INFO - Processing /opt/airflow/dags/dbt_cloud_stock_pipeline.py took 0.107 seconds
[2025-11-24T23:58:59.010+0000] {processor.py:186} INFO - Started process (PID=821) to work on /opt/airflow/dags/dbt_cloud_stock_pipeline.py
[2025-11-24T23:58:59.012+0000] {processor.py:914} INFO - Processing file /opt/airflow/dags/dbt_cloud_stock_pipeline.py for tasks to queue
[2025-11-24T23:58:59.017+0000] {logging_mixin.py:190} INFO - [2025-11-24T23:58:59.016+0000] {dagbag.py:587} INFO - Filling up the DagBag from /opt/airflow/dags/dbt_cloud_stock_pipeline.py
[2025-11-24T23:58:59.036+0000] {processor.py:925} INFO - DAG(s) 'dbt_cloud_stock_pipeline' retrieved from /opt/airflow/dags/dbt_cloud_stock_pipeline.py
[2025-11-24T23:58:59.069+0000] {logging_mixin.py:190} INFO - [2025-11-24T23:58:59.069+0000] {dag.py:3229} INFO - Sync 1 DAGs
[2025-11-24T23:58:59.098+0000] {logging_mixin.py:190} INFO - [2025-11-24T23:58:59.098+0000] {dag.py:4156} INFO - Setting next_dagrun for dbt_cloud_stock_pipeline to 2025-11-24 00:00:00+00:00, run_after=2025-11-25 00:00:00+00:00
[2025-11-24T23:58:59.116+0000] {processor.py:208} INFO - Processing /opt/airflow/dags/dbt_cloud_stock_pipeline.py took 0.127 seconds
[2025-11-24T23:59:29.618+0000] {processor.py:186} INFO - Started process (PID=837) to work on /opt/airflow/dags/dbt_cloud_stock_pipeline.py
[2025-11-24T23:59:29.620+0000] {processor.py:914} INFO - Processing file /opt/airflow/dags/dbt_cloud_stock_pipeline.py for tasks to queue
[2025-11-24T23:59:29.626+0000] {logging_mixin.py:190} INFO - [2025-11-24T23:59:29.626+0000] {dagbag.py:587} INFO - Filling up the DagBag from /opt/airflow/dags/dbt_cloud_stock_pipeline.py
[2025-11-24T23:59:29.643+0000] {processor.py:925} INFO - DAG(s) 'dbt_cloud_stock_pipeline' retrieved from /opt/airflow/dags/dbt_cloud_stock_pipeline.py
[2025-11-24T23:59:29.672+0000] {logging_mixin.py:190} INFO - [2025-11-24T23:59:29.672+0000] {dag.py:3229} INFO - Sync 1 DAGs
[2025-11-24T23:59:29.692+0000] {logging_mixin.py:190} INFO - [2025-11-24T23:59:29.692+0000] {dag.py:4156} INFO - Setting next_dagrun for dbt_cloud_stock_pipeline to 2025-11-24 00:00:00+00:00, run_after=2025-11-25 00:00:00+00:00
[2025-11-24T23:59:29.707+0000] {processor.py:208} INFO - Processing /opt/airflow/dags/dbt_cloud_stock_pipeline.py took 0.113 seconds
