[2025-11-24T23:42:07.865+0000] {processor.py:186} INFO - Started process (PID=257) to work on /opt/airflow/dags/dbt_lab2.py
[2025-11-24T23:42:07.872+0000] {processor.py:914} INFO - Processing file /opt/airflow/dags/dbt_lab2.py for tasks to queue
[2025-11-24T23:42:07.881+0000] {logging_mixin.py:190} INFO - [2025-11-24T23:42:07.881+0000] {dagbag.py:587} INFO - Filling up the DagBag from /opt/airflow/dags/dbt_lab2.py
[2025-11-24T23:42:07.920+0000] {processor.py:925} INFO - DAG(s) 'dbt_lab2_pipeline' retrieved from /opt/airflow/dags/dbt_lab2.py
[2025-11-24T23:42:08.136+0000] {logging_mixin.py:190} INFO - [2025-11-24T23:42:08.136+0000] {override.py:1900} INFO - Created Permission View: can edit on DAG:dbt_lab2_pipeline
[2025-11-24T23:42:08.143+0000] {logging_mixin.py:190} INFO - [2025-11-24T23:42:08.143+0000] {override.py:1900} INFO - Created Permission View: can read on DAG:dbt_lab2_pipeline
[2025-11-24T23:42:08.146+0000] {logging_mixin.py:190} INFO - [2025-11-24T23:42:08.146+0000] {override.py:1900} INFO - Created Permission View: can delete on DAG:dbt_lab2_pipeline
[2025-11-24T23:42:08.150+0000] {logging_mixin.py:190} INFO - [2025-11-24T23:42:08.150+0000] {override.py:1900} INFO - Created Permission View: menu access on DAG Run:dbt_lab2_pipeline
[2025-11-24T23:42:08.154+0000] {logging_mixin.py:190} INFO - [2025-11-24T23:42:08.153+0000] {override.py:1900} INFO - Created Permission View: can read on DAG Run:dbt_lab2_pipeline
[2025-11-24T23:42:08.158+0000] {logging_mixin.py:190} INFO - [2025-11-24T23:42:08.158+0000] {override.py:1900} INFO - Created Permission View: can create on DAG Run:dbt_lab2_pipeline
[2025-11-24T23:42:08.163+0000] {logging_mixin.py:190} INFO - [2025-11-24T23:42:08.163+0000] {override.py:1900} INFO - Created Permission View: can delete on DAG Run:dbt_lab2_pipeline
[2025-11-24T23:42:08.163+0000] {logging_mixin.py:190} INFO - [2025-11-24T23:42:08.163+0000] {dag.py:3229} INFO - Sync 1 DAGs
[2025-11-24T23:42:08.190+0000] {logging_mixin.py:190} INFO - [2025-11-24T23:42:08.190+0000] {dag.py:3252} INFO - Creating ORM DAG for dbt_lab2_pipeline
[2025-11-24T23:42:08.191+0000] {logging_mixin.py:190} INFO - [2025-11-24T23:42:08.191+0000] {dag.py:4156} INFO - Setting next_dagrun for dbt_lab2_pipeline to None, run_after=None
[2025-11-24T23:42:08.227+0000] {processor.py:208} INFO - Processing /opt/airflow/dags/dbt_lab2.py took 0.390 seconds
[2025-11-24T23:42:38.592+0000] {processor.py:186} INFO - Started process (PID=299) to work on /opt/airflow/dags/dbt_lab2.py
[2025-11-24T23:42:38.599+0000] {processor.py:914} INFO - Processing file /opt/airflow/dags/dbt_lab2.py for tasks to queue
[2025-11-24T23:42:38.610+0000] {logging_mixin.py:190} INFO - [2025-11-24T23:42:38.609+0000] {dagbag.py:587} INFO - Filling up the DagBag from /opt/airflow/dags/dbt_lab2.py
[2025-11-24T23:42:38.646+0000] {processor.py:925} INFO - DAG(s) 'dbt_lab2_pipeline' retrieved from /opt/airflow/dags/dbt_lab2.py
[2025-11-24T23:42:38.739+0000] {logging_mixin.py:190} INFO - [2025-11-24T23:42:38.739+0000] {dag.py:3229} INFO - Sync 1 DAGs
[2025-11-24T23:42:38.791+0000] {logging_mixin.py:190} INFO - [2025-11-24T23:42:38.791+0000] {dag.py:4156} INFO - Setting next_dagrun for dbt_lab2_pipeline to None, run_after=None
[2025-11-24T23:42:38.819+0000] {processor.py:208} INFO - Processing /opt/airflow/dags/dbt_lab2.py took 0.254 seconds
[2025-11-24T23:43:09.370+0000] {processor.py:186} INFO - Started process (PID=318) to work on /opt/airflow/dags/dbt_lab2.py
[2025-11-24T23:43:09.374+0000] {processor.py:914} INFO - Processing file /opt/airflow/dags/dbt_lab2.py for tasks to queue
[2025-11-24T23:43:09.388+0000] {logging_mixin.py:190} INFO - [2025-11-24T23:43:09.387+0000] {dagbag.py:587} INFO - Filling up the DagBag from /opt/airflow/dags/dbt_lab2.py
[2025-11-24T23:43:09.404+0000] {processor.py:925} INFO - DAG(s) 'dbt_lab2_pipeline' retrieved from /opt/airflow/dags/dbt_lab2.py
[2025-11-24T23:43:09.429+0000] {logging_mixin.py:190} INFO - [2025-11-24T23:43:09.429+0000] {dag.py:3229} INFO - Sync 1 DAGs
[2025-11-24T23:43:09.445+0000] {logging_mixin.py:190} INFO - [2025-11-24T23:43:09.445+0000] {dag.py:4156} INFO - Setting next_dagrun for dbt_lab2_pipeline to None, run_after=None
[2025-11-24T23:43:09.467+0000] {processor.py:208} INFO - Processing /opt/airflow/dags/dbt_lab2.py took 0.116 seconds
[2025-11-24T23:43:40.026+0000] {processor.py:186} INFO - Started process (PID=334) to work on /opt/airflow/dags/dbt_lab2.py
[2025-11-24T23:43:40.027+0000] {processor.py:914} INFO - Processing file /opt/airflow/dags/dbt_lab2.py for tasks to queue
[2025-11-24T23:43:40.030+0000] {logging_mixin.py:190} INFO - [2025-11-24T23:43:40.030+0000] {dagbag.py:587} INFO - Filling up the DagBag from /opt/airflow/dags/dbt_lab2.py
[2025-11-24T23:43:40.045+0000] {processor.py:925} INFO - DAG(s) 'dbt_lab2_pipeline' retrieved from /opt/airflow/dags/dbt_lab2.py
[2025-11-24T23:43:40.075+0000] {logging_mixin.py:190} INFO - [2025-11-24T23:43:40.074+0000] {dag.py:3229} INFO - Sync 1 DAGs
[2025-11-24T23:43:40.090+0000] {logging_mixin.py:190} INFO - [2025-11-24T23:43:40.090+0000] {dag.py:4156} INFO - Setting next_dagrun for dbt_lab2_pipeline to None, run_after=None
[2025-11-24T23:43:40.109+0000] {processor.py:208} INFO - Processing /opt/airflow/dags/dbt_lab2.py took 0.090 seconds
[2025-11-24T23:44:10.653+0000] {processor.py:186} INFO - Started process (PID=350) to work on /opt/airflow/dags/dbt_lab2.py
[2025-11-24T23:44:10.655+0000] {processor.py:914} INFO - Processing file /opt/airflow/dags/dbt_lab2.py for tasks to queue
[2025-11-24T23:44:10.662+0000] {logging_mixin.py:190} INFO - [2025-11-24T23:44:10.662+0000] {dagbag.py:587} INFO - Filling up the DagBag from /opt/airflow/dags/dbt_lab2.py
[2025-11-24T23:44:10.683+0000] {processor.py:925} INFO - DAG(s) 'dbt_lab2_pipeline' retrieved from /opt/airflow/dags/dbt_lab2.py
[2025-11-24T23:44:10.714+0000] {logging_mixin.py:190} INFO - [2025-11-24T23:44:10.714+0000] {dag.py:3229} INFO - Sync 1 DAGs
[2025-11-24T23:44:10.726+0000] {logging_mixin.py:190} INFO - [2025-11-24T23:44:10.726+0000] {dag.py:4156} INFO - Setting next_dagrun for dbt_lab2_pipeline to None, run_after=None
[2025-11-24T23:44:10.745+0000] {processor.py:208} INFO - Processing /opt/airflow/dags/dbt_lab2.py took 0.104 seconds
[2025-11-24T23:44:41.370+0000] {processor.py:186} INFO - Started process (PID=366) to work on /opt/airflow/dags/dbt_lab2.py
[2025-11-24T23:44:41.373+0000] {processor.py:914} INFO - Processing file /opt/airflow/dags/dbt_lab2.py for tasks to queue
[2025-11-24T23:44:41.381+0000] {logging_mixin.py:190} INFO - [2025-11-24T23:44:41.380+0000] {dagbag.py:587} INFO - Filling up the DagBag from /opt/airflow/dags/dbt_lab2.py
[2025-11-24T23:44:41.405+0000] {processor.py:925} INFO - DAG(s) 'dbt_lab2_pipeline' retrieved from /opt/airflow/dags/dbt_lab2.py
[2025-11-24T23:44:41.432+0000] {logging_mixin.py:190} INFO - [2025-11-24T23:44:41.432+0000] {dag.py:3229} INFO - Sync 1 DAGs
[2025-11-24T23:44:41.450+0000] {logging_mixin.py:190} INFO - [2025-11-24T23:44:41.450+0000] {dag.py:4156} INFO - Setting next_dagrun for dbt_lab2_pipeline to None, run_after=None
[2025-11-24T23:44:41.476+0000] {processor.py:208} INFO - Processing /opt/airflow/dags/dbt_lab2.py took 0.119 seconds
[2025-11-24T23:45:12.012+0000] {processor.py:186} INFO - Started process (PID=382) to work on /opt/airflow/dags/dbt_lab2.py
[2025-11-24T23:45:12.015+0000] {processor.py:914} INFO - Processing file /opt/airflow/dags/dbt_lab2.py for tasks to queue
[2025-11-24T23:45:12.018+0000] {logging_mixin.py:190} INFO - [2025-11-24T23:45:12.017+0000] {dagbag.py:587} INFO - Filling up the DagBag from /opt/airflow/dags/dbt_lab2.py
[2025-11-24T23:45:12.039+0000] {processor.py:925} INFO - DAG(s) 'dbt_lab2_pipeline' retrieved from /opt/airflow/dags/dbt_lab2.py
[2025-11-24T23:45:12.068+0000] {logging_mixin.py:190} INFO - [2025-11-24T23:45:12.067+0000] {dag.py:3229} INFO - Sync 1 DAGs
[2025-11-24T23:45:12.085+0000] {logging_mixin.py:190} INFO - [2025-11-24T23:45:12.085+0000] {dag.py:4156} INFO - Setting next_dagrun for dbt_lab2_pipeline to None, run_after=None
[2025-11-24T23:45:12.100+0000] {processor.py:208} INFO - Processing /opt/airflow/dags/dbt_lab2.py took 0.095 seconds
[2025-11-24T23:45:42.642+0000] {processor.py:186} INFO - Started process (PID=398) to work on /opt/airflow/dags/dbt_lab2.py
[2025-11-24T23:45:42.644+0000] {processor.py:914} INFO - Processing file /opt/airflow/dags/dbt_lab2.py for tasks to queue
[2025-11-24T23:45:42.649+0000] {logging_mixin.py:190} INFO - [2025-11-24T23:45:42.647+0000] {dagbag.py:587} INFO - Filling up the DagBag from /opt/airflow/dags/dbt_lab2.py
[2025-11-24T23:45:42.669+0000] {processor.py:925} INFO - DAG(s) 'dbt_lab2_pipeline' retrieved from /opt/airflow/dags/dbt_lab2.py
[2025-11-24T23:45:42.706+0000] {logging_mixin.py:190} INFO - [2025-11-24T23:45:42.706+0000] {dag.py:3229} INFO - Sync 1 DAGs
[2025-11-24T23:45:42.718+0000] {logging_mixin.py:190} INFO - [2025-11-24T23:45:42.718+0000] {dag.py:4156} INFO - Setting next_dagrun for dbt_lab2_pipeline to None, run_after=None
[2025-11-24T23:45:42.734+0000] {processor.py:208} INFO - Processing /opt/airflow/dags/dbt_lab2.py took 0.099 seconds
[2025-11-24T23:46:13.273+0000] {processor.py:186} INFO - Started process (PID=414) to work on /opt/airflow/dags/dbt_lab2.py
[2025-11-24T23:46:13.274+0000] {processor.py:914} INFO - Processing file /opt/airflow/dags/dbt_lab2.py for tasks to queue
[2025-11-24T23:46:13.278+0000] {logging_mixin.py:190} INFO - [2025-11-24T23:46:13.278+0000] {dagbag.py:587} INFO - Filling up the DagBag from /opt/airflow/dags/dbt_lab2.py
[2025-11-24T23:46:13.294+0000] {processor.py:925} INFO - DAG(s) 'dbt_lab2_pipeline' retrieved from /opt/airflow/dags/dbt_lab2.py
[2025-11-24T23:46:13.321+0000] {logging_mixin.py:190} INFO - [2025-11-24T23:46:13.321+0000] {dag.py:3229} INFO - Sync 1 DAGs
[2025-11-24T23:46:13.332+0000] {logging_mixin.py:190} INFO - [2025-11-24T23:46:13.332+0000] {dag.py:4156} INFO - Setting next_dagrun for dbt_lab2_pipeline to None, run_after=None
[2025-11-24T23:46:13.345+0000] {processor.py:208} INFO - Processing /opt/airflow/dags/dbt_lab2.py took 0.081 seconds
[2025-11-24T23:46:43.962+0000] {processor.py:186} INFO - Started process (PID=430) to work on /opt/airflow/dags/dbt_lab2.py
[2025-11-24T23:46:43.963+0000] {processor.py:914} INFO - Processing file /opt/airflow/dags/dbt_lab2.py for tasks to queue
[2025-11-24T23:46:43.966+0000] {logging_mixin.py:190} INFO - [2025-11-24T23:46:43.966+0000] {dagbag.py:587} INFO - Filling up the DagBag from /opt/airflow/dags/dbt_lab2.py
[2025-11-24T23:46:43.988+0000] {processor.py:925} INFO - DAG(s) 'dbt_lab2_pipeline' retrieved from /opt/airflow/dags/dbt_lab2.py
[2025-11-24T23:46:44.028+0000] {logging_mixin.py:190} INFO - [2025-11-24T23:46:44.028+0000] {dag.py:3229} INFO - Sync 1 DAGs
[2025-11-24T23:46:44.046+0000] {logging_mixin.py:190} INFO - [2025-11-24T23:46:44.046+0000] {dag.py:4156} INFO - Setting next_dagrun for dbt_lab2_pipeline to None, run_after=None
[2025-11-24T23:46:44.073+0000] {processor.py:208} INFO - Processing /opt/airflow/dags/dbt_lab2.py took 0.125 seconds
[2025-11-24T23:47:14.641+0000] {processor.py:186} INFO - Started process (PID=446) to work on /opt/airflow/dags/dbt_lab2.py
[2025-11-24T23:47:14.642+0000] {processor.py:914} INFO - Processing file /opt/airflow/dags/dbt_lab2.py for tasks to queue
[2025-11-24T23:47:14.646+0000] {logging_mixin.py:190} INFO - [2025-11-24T23:47:14.646+0000] {dagbag.py:587} INFO - Filling up the DagBag from /opt/airflow/dags/dbt_lab2.py
[2025-11-24T23:47:14.665+0000] {processor.py:925} INFO - DAG(s) 'dbt_lab2_pipeline' retrieved from /opt/airflow/dags/dbt_lab2.py
[2025-11-24T23:47:14.691+0000] {logging_mixin.py:190} INFO - [2025-11-24T23:47:14.691+0000] {dag.py:3229} INFO - Sync 1 DAGs
[2025-11-24T23:47:14.704+0000] {logging_mixin.py:190} INFO - [2025-11-24T23:47:14.704+0000] {dag.py:4156} INFO - Setting next_dagrun for dbt_lab2_pipeline to None, run_after=None
[2025-11-24T23:47:14.721+0000] {processor.py:208} INFO - Processing /opt/airflow/dags/dbt_lab2.py took 0.088 seconds
[2025-11-24T23:47:45.143+0000] {processor.py:186} INFO - Started process (PID=464) to work on /opt/airflow/dags/dbt_lab2.py
[2025-11-24T23:47:45.144+0000] {processor.py:914} INFO - Processing file /opt/airflow/dags/dbt_lab2.py for tasks to queue
[2025-11-24T23:47:45.150+0000] {logging_mixin.py:190} INFO - [2025-11-24T23:47:45.149+0000] {dagbag.py:587} INFO - Filling up the DagBag from /opt/airflow/dags/dbt_lab2.py
[2025-11-24T23:47:45.168+0000] {processor.py:925} INFO - DAG(s) 'dbt_lab2_pipeline' retrieved from /opt/airflow/dags/dbt_lab2.py
[2025-11-24T23:47:45.190+0000] {logging_mixin.py:190} INFO - [2025-11-24T23:47:45.190+0000] {dag.py:3229} INFO - Sync 1 DAGs
[2025-11-24T23:47:45.200+0000] {logging_mixin.py:190} INFO - [2025-11-24T23:47:45.200+0000] {dag.py:4156} INFO - Setting next_dagrun for dbt_lab2_pipeline to None, run_after=None
[2025-11-24T23:47:45.217+0000] {processor.py:208} INFO - Processing /opt/airflow/dags/dbt_lab2.py took 0.088 seconds
[2025-11-24T23:48:15.703+0000] {processor.py:186} INFO - Started process (PID=481) to work on /opt/airflow/dags/dbt_lab2.py
[2025-11-24T23:48:15.706+0000] {processor.py:914} INFO - Processing file /opt/airflow/dags/dbt_lab2.py for tasks to queue
[2025-11-24T23:48:15.709+0000] {logging_mixin.py:190} INFO - [2025-11-24T23:48:15.709+0000] {dagbag.py:587} INFO - Filling up the DagBag from /opt/airflow/dags/dbt_lab2.py
[2025-11-24T23:48:15.733+0000] {processor.py:925} INFO - DAG(s) 'dbt_lab2_pipeline' retrieved from /opt/airflow/dags/dbt_lab2.py
[2025-11-24T23:48:15.764+0000] {logging_mixin.py:190} INFO - [2025-11-24T23:48:15.764+0000] {dag.py:3229} INFO - Sync 1 DAGs
[2025-11-24T23:48:15.776+0000] {logging_mixin.py:190} INFO - [2025-11-24T23:48:15.776+0000] {dag.py:4156} INFO - Setting next_dagrun for dbt_lab2_pipeline to None, run_after=None
[2025-11-24T23:48:15.789+0000] {processor.py:208} INFO - Processing /opt/airflow/dags/dbt_lab2.py took 0.098 seconds
[2025-11-24T23:48:46.235+0000] {processor.py:186} INFO - Started process (PID=498) to work on /opt/airflow/dags/dbt_lab2.py
[2025-11-24T23:48:46.237+0000] {processor.py:914} INFO - Processing file /opt/airflow/dags/dbt_lab2.py for tasks to queue
[2025-11-24T23:48:46.242+0000] {logging_mixin.py:190} INFO - [2025-11-24T23:48:46.241+0000] {dagbag.py:587} INFO - Filling up the DagBag from /opt/airflow/dags/dbt_lab2.py
[2025-11-24T23:48:46.264+0000] {processor.py:925} INFO - DAG(s) 'dbt_lab2_pipeline' retrieved from /opt/airflow/dags/dbt_lab2.py
[2025-11-24T23:48:46.304+0000] {logging_mixin.py:190} INFO - [2025-11-24T23:48:46.303+0000] {dag.py:3229} INFO - Sync 1 DAGs
[2025-11-24T23:48:46.315+0000] {logging_mixin.py:190} INFO - [2025-11-24T23:48:46.315+0000] {dag.py:4156} INFO - Setting next_dagrun for dbt_lab2_pipeline to None, run_after=None
[2025-11-24T23:48:46.326+0000] {processor.py:208} INFO - Processing /opt/airflow/dags/dbt_lab2.py took 0.106 seconds
[2025-11-24T23:49:16.851+0000] {processor.py:186} INFO - Started process (PID=514) to work on /opt/airflow/dags/dbt_lab2.py
[2025-11-24T23:49:16.853+0000] {processor.py:914} INFO - Processing file /opt/airflow/dags/dbt_lab2.py for tasks to queue
[2025-11-24T23:49:16.865+0000] {logging_mixin.py:190} INFO - [2025-11-24T23:49:16.861+0000] {dagbag.py:587} INFO - Filling up the DagBag from /opt/airflow/dags/dbt_lab2.py
[2025-11-24T23:49:16.878+0000] {processor.py:925} INFO - DAG(s) 'dbt_lab2_pipeline' retrieved from /opt/airflow/dags/dbt_lab2.py
[2025-11-24T23:49:16.900+0000] {logging_mixin.py:190} INFO - [2025-11-24T23:49:16.900+0000] {dag.py:3229} INFO - Sync 1 DAGs
[2025-11-24T23:49:16.913+0000] {logging_mixin.py:190} INFO - [2025-11-24T23:49:16.912+0000] {dag.py:4156} INFO - Setting next_dagrun for dbt_lab2_pipeline to None, run_after=None
[2025-11-24T23:49:16.925+0000] {processor.py:208} INFO - Processing /opt/airflow/dags/dbt_lab2.py took 0.087 seconds
[2025-11-24T23:49:47.514+0000] {processor.py:186} INFO - Started process (PID=529) to work on /opt/airflow/dags/dbt_lab2.py
[2025-11-24T23:49:47.518+0000] {processor.py:914} INFO - Processing file /opt/airflow/dags/dbt_lab2.py for tasks to queue
[2025-11-24T23:49:47.526+0000] {logging_mixin.py:190} INFO - [2025-11-24T23:49:47.526+0000] {dagbag.py:587} INFO - Filling up the DagBag from /opt/airflow/dags/dbt_lab2.py
[2025-11-24T23:49:47.543+0000] {processor.py:925} INFO - DAG(s) 'dbt_lab2_pipeline' retrieved from /opt/airflow/dags/dbt_lab2.py
[2025-11-24T23:49:47.573+0000] {logging_mixin.py:190} INFO - [2025-11-24T23:49:47.573+0000] {dag.py:3229} INFO - Sync 1 DAGs
[2025-11-24T23:49:47.584+0000] {logging_mixin.py:190} INFO - [2025-11-24T23:49:47.584+0000] {dag.py:4156} INFO - Setting next_dagrun for dbt_lab2_pipeline to None, run_after=None
[2025-11-24T23:49:47.604+0000] {processor.py:208} INFO - Processing /opt/airflow/dags/dbt_lab2.py took 0.102 seconds
[2025-11-24T23:50:18.440+0000] {processor.py:186} INFO - Started process (PID=545) to work on /opt/airflow/dags/dbt_lab2.py
[2025-11-24T23:50:18.442+0000] {processor.py:914} INFO - Processing file /opt/airflow/dags/dbt_lab2.py for tasks to queue
[2025-11-24T23:50:18.447+0000] {logging_mixin.py:190} INFO - [2025-11-24T23:50:18.446+0000] {dagbag.py:587} INFO - Filling up the DagBag from /opt/airflow/dags/dbt_lab2.py
[2025-11-24T23:50:18.464+0000] {processor.py:925} INFO - DAG(s) 'dbt_lab2_pipeline' retrieved from /opt/airflow/dags/dbt_lab2.py
[2025-11-24T23:50:18.496+0000] {logging_mixin.py:190} INFO - [2025-11-24T23:50:18.496+0000] {dag.py:3229} INFO - Sync 1 DAGs
[2025-11-24T23:50:18.513+0000] {logging_mixin.py:190} INFO - [2025-11-24T23:50:18.513+0000] {dag.py:4156} INFO - Setting next_dagrun for dbt_lab2_pipeline to None, run_after=None
[2025-11-24T23:50:18.532+0000] {processor.py:208} INFO - Processing /opt/airflow/dags/dbt_lab2.py took 0.110 seconds
[2025-11-24T23:50:49.033+0000] {processor.py:186} INFO - Started process (PID=562) to work on /opt/airflow/dags/dbt_lab2.py
[2025-11-24T23:50:49.036+0000] {processor.py:914} INFO - Processing file /opt/airflow/dags/dbt_lab2.py for tasks to queue
[2025-11-24T23:50:49.038+0000] {logging_mixin.py:190} INFO - [2025-11-24T23:50:49.038+0000] {dagbag.py:587} INFO - Filling up the DagBag from /opt/airflow/dags/dbt_lab2.py
[2025-11-24T23:50:49.057+0000] {processor.py:925} INFO - DAG(s) 'dbt_lab2_pipeline' retrieved from /opt/airflow/dags/dbt_lab2.py
[2025-11-24T23:50:49.085+0000] {logging_mixin.py:190} INFO - [2025-11-24T23:50:49.085+0000] {dag.py:3229} INFO - Sync 1 DAGs
[2025-11-24T23:50:49.100+0000] {logging_mixin.py:190} INFO - [2025-11-24T23:50:49.099+0000] {dag.py:4156} INFO - Setting next_dagrun for dbt_lab2_pipeline to None, run_after=None
[2025-11-24T23:50:49.113+0000] {processor.py:208} INFO - Processing /opt/airflow/dags/dbt_lab2.py took 0.089 seconds
[2025-11-24T23:51:19.590+0000] {processor.py:186} INFO - Started process (PID=583) to work on /opt/airflow/dags/dbt_lab2.py
[2025-11-24T23:51:19.593+0000] {processor.py:914} INFO - Processing file /opt/airflow/dags/dbt_lab2.py for tasks to queue
[2025-11-24T23:51:19.598+0000] {logging_mixin.py:190} INFO - [2025-11-24T23:51:19.598+0000] {dagbag.py:587} INFO - Filling up the DagBag from /opt/airflow/dags/dbt_lab2.py
[2025-11-24T23:51:19.618+0000] {processor.py:925} INFO - DAG(s) 'dbt_lab2_pipeline' retrieved from /opt/airflow/dags/dbt_lab2.py
[2025-11-24T23:51:19.642+0000] {logging_mixin.py:190} INFO - [2025-11-24T23:51:19.642+0000] {dag.py:3229} INFO - Sync 1 DAGs
[2025-11-24T23:51:19.653+0000] {logging_mixin.py:190} INFO - [2025-11-24T23:51:19.653+0000] {dag.py:4156} INFO - Setting next_dagrun for dbt_lab2_pipeline to None, run_after=None
[2025-11-24T23:51:19.673+0000] {processor.py:208} INFO - Processing /opt/airflow/dags/dbt_lab2.py took 0.097 seconds
[2025-11-24T23:51:50.229+0000] {processor.py:186} INFO - Started process (PID=600) to work on /opt/airflow/dags/dbt_lab2.py
[2025-11-24T23:51:50.231+0000] {processor.py:914} INFO - Processing file /opt/airflow/dags/dbt_lab2.py for tasks to queue
[2025-11-24T23:51:50.241+0000] {logging_mixin.py:190} INFO - [2025-11-24T23:51:50.240+0000] {dagbag.py:587} INFO - Filling up the DagBag from /opt/airflow/dags/dbt_lab2.py
[2025-11-24T23:51:50.276+0000] {processor.py:925} INFO - DAG(s) 'dbt_lab2_pipeline' retrieved from /opt/airflow/dags/dbt_lab2.py
[2025-11-24T23:51:50.300+0000] {logging_mixin.py:190} INFO - [2025-11-24T23:51:50.300+0000] {dag.py:3229} INFO - Sync 1 DAGs
[2025-11-24T23:51:50.316+0000] {logging_mixin.py:190} INFO - [2025-11-24T23:51:50.315+0000] {dag.py:4156} INFO - Setting next_dagrun for dbt_lab2_pipeline to None, run_after=None
[2025-11-24T23:51:50.332+0000] {processor.py:208} INFO - Processing /opt/airflow/dags/dbt_lab2.py took 0.120 seconds
[2025-11-24T23:52:20.910+0000] {processor.py:186} INFO - Started process (PID=616) to work on /opt/airflow/dags/dbt_lab2.py
[2025-11-24T23:52:20.911+0000] {processor.py:914} INFO - Processing file /opt/airflow/dags/dbt_lab2.py for tasks to queue
[2025-11-24T23:52:20.917+0000] {logging_mixin.py:190} INFO - [2025-11-24T23:52:20.916+0000] {dagbag.py:587} INFO - Filling up the DagBag from /opt/airflow/dags/dbt_lab2.py
[2025-11-24T23:52:20.938+0000] {processor.py:925} INFO - DAG(s) 'dbt_lab2_pipeline' retrieved from /opt/airflow/dags/dbt_lab2.py
[2025-11-24T23:52:20.984+0000] {logging_mixin.py:190} INFO - [2025-11-24T23:52:20.984+0000] {dag.py:3229} INFO - Sync 1 DAGs
[2025-11-24T23:52:20.999+0000] {logging_mixin.py:190} INFO - [2025-11-24T23:52:20.999+0000] {dag.py:4156} INFO - Setting next_dagrun for dbt_lab2_pipeline to None, run_after=None
[2025-11-24T23:52:21.021+0000] {processor.py:208} INFO - Processing /opt/airflow/dags/dbt_lab2.py took 0.119 seconds
[2025-11-24T23:52:51.739+0000] {processor.py:186} INFO - Started process (PID=632) to work on /opt/airflow/dags/dbt_lab2.py
[2025-11-24T23:52:51.741+0000] {processor.py:914} INFO - Processing file /opt/airflow/dags/dbt_lab2.py for tasks to queue
[2025-11-24T23:52:51.744+0000] {logging_mixin.py:190} INFO - [2025-11-24T23:52:51.744+0000] {dagbag.py:587} INFO - Filling up the DagBag from /opt/airflow/dags/dbt_lab2.py
[2025-11-24T23:52:51.766+0000] {processor.py:925} INFO - DAG(s) 'dbt_lab2_pipeline' retrieved from /opt/airflow/dags/dbt_lab2.py
[2025-11-24T23:52:51.808+0000] {logging_mixin.py:190} INFO - [2025-11-24T23:52:51.808+0000] {dag.py:3229} INFO - Sync 1 DAGs
[2025-11-24T23:52:51.821+0000] {logging_mixin.py:190} INFO - [2025-11-24T23:52:51.821+0000] {dag.py:4156} INFO - Setting next_dagrun for dbt_lab2_pipeline to None, run_after=None
[2025-11-24T23:52:51.843+0000] {processor.py:208} INFO - Processing /opt/airflow/dags/dbt_lab2.py took 0.113 seconds
[2025-11-24T23:53:22.367+0000] {processor.py:186} INFO - Started process (PID=648) to work on /opt/airflow/dags/dbt_lab2.py
[2025-11-24T23:53:22.369+0000] {processor.py:914} INFO - Processing file /opt/airflow/dags/dbt_lab2.py for tasks to queue
[2025-11-24T23:53:22.374+0000] {logging_mixin.py:190} INFO - [2025-11-24T23:53:22.374+0000] {dagbag.py:587} INFO - Filling up the DagBag from /opt/airflow/dags/dbt_lab2.py
[2025-11-24T23:53:22.395+0000] {processor.py:925} INFO - DAG(s) 'dbt_lab2_pipeline' retrieved from /opt/airflow/dags/dbt_lab2.py
[2025-11-24T23:53:22.425+0000] {logging_mixin.py:190} INFO - [2025-11-24T23:53:22.425+0000] {dag.py:3229} INFO - Sync 1 DAGs
[2025-11-24T23:53:22.436+0000] {logging_mixin.py:190} INFO - [2025-11-24T23:53:22.436+0000] {dag.py:4156} INFO - Setting next_dagrun for dbt_lab2_pipeline to None, run_after=None
[2025-11-24T23:53:22.451+0000] {processor.py:208} INFO - Processing /opt/airflow/dags/dbt_lab2.py took 0.098 seconds
[2025-11-24T23:53:52.986+0000] {processor.py:186} INFO - Started process (PID=664) to work on /opt/airflow/dags/dbt_lab2.py
[2025-11-24T23:53:52.988+0000] {processor.py:914} INFO - Processing file /opt/airflow/dags/dbt_lab2.py for tasks to queue
[2025-11-24T23:53:52.992+0000] {logging_mixin.py:190} INFO - [2025-11-24T23:53:52.992+0000] {dagbag.py:587} INFO - Filling up the DagBag from /opt/airflow/dags/dbt_lab2.py
[2025-11-24T23:53:53.009+0000] {processor.py:925} INFO - DAG(s) 'dbt_lab2_pipeline' retrieved from /opt/airflow/dags/dbt_lab2.py
[2025-11-24T23:53:53.037+0000] {logging_mixin.py:190} INFO - [2025-11-24T23:53:53.037+0000] {dag.py:3229} INFO - Sync 1 DAGs
[2025-11-24T23:53:53.050+0000] {logging_mixin.py:190} INFO - [2025-11-24T23:53:53.050+0000] {dag.py:4156} INFO - Setting next_dagrun for dbt_lab2_pipeline to None, run_after=None
[2025-11-24T23:53:53.072+0000] {processor.py:208} INFO - Processing /opt/airflow/dags/dbt_lab2.py took 0.099 seconds
[2025-11-24T23:54:23.545+0000] {processor.py:186} INFO - Started process (PID=680) to work on /opt/airflow/dags/dbt_lab2.py
[2025-11-24T23:54:23.547+0000] {processor.py:914} INFO - Processing file /opt/airflow/dags/dbt_lab2.py for tasks to queue
[2025-11-24T23:54:23.552+0000] {logging_mixin.py:190} INFO - [2025-11-24T23:54:23.551+0000] {dagbag.py:587} INFO - Filling up the DagBag from /opt/airflow/dags/dbt_lab2.py
[2025-11-24T23:54:23.574+0000] {processor.py:925} INFO - DAG(s) 'dbt_lab2_pipeline' retrieved from /opt/airflow/dags/dbt_lab2.py
[2025-11-24T23:54:23.602+0000] {logging_mixin.py:190} INFO - [2025-11-24T23:54:23.601+0000] {dag.py:3229} INFO - Sync 1 DAGs
[2025-11-24T23:54:23.613+0000] {logging_mixin.py:190} INFO - [2025-11-24T23:54:23.613+0000] {dag.py:4156} INFO - Setting next_dagrun for dbt_lab2_pipeline to None, run_after=None
[2025-11-24T23:54:23.629+0000] {processor.py:208} INFO - Processing /opt/airflow/dags/dbt_lab2.py took 0.097 seconds
[2025-11-24T23:54:54.273+0000] {processor.py:186} INFO - Started process (PID=696) to work on /opt/airflow/dags/dbt_lab2.py
[2025-11-24T23:54:54.274+0000] {processor.py:914} INFO - Processing file /opt/airflow/dags/dbt_lab2.py for tasks to queue
[2025-11-24T23:54:54.278+0000] {logging_mixin.py:190} INFO - [2025-11-24T23:54:54.277+0000] {dagbag.py:587} INFO - Filling up the DagBag from /opt/airflow/dags/dbt_lab2.py
[2025-11-24T23:54:54.292+0000] {processor.py:925} INFO - DAG(s) 'dbt_lab2_pipeline' retrieved from /opt/airflow/dags/dbt_lab2.py
[2025-11-24T23:54:54.331+0000] {logging_mixin.py:190} INFO - [2025-11-24T23:54:54.331+0000] {dag.py:3229} INFO - Sync 1 DAGs
[2025-11-24T23:54:54.345+0000] {logging_mixin.py:190} INFO - [2025-11-24T23:54:54.345+0000] {dag.py:4156} INFO - Setting next_dagrun for dbt_lab2_pipeline to None, run_after=None
[2025-11-24T23:54:54.360+0000] {processor.py:208} INFO - Processing /opt/airflow/dags/dbt_lab2.py took 0.095 seconds
[2025-11-24T23:55:24.911+0000] {processor.py:186} INFO - Started process (PID=712) to work on /opt/airflow/dags/dbt_lab2.py
[2025-11-24T23:55:24.913+0000] {processor.py:914} INFO - Processing file /opt/airflow/dags/dbt_lab2.py for tasks to queue
[2025-11-24T23:55:24.919+0000] {logging_mixin.py:190} INFO - [2025-11-24T23:55:24.919+0000] {dagbag.py:587} INFO - Filling up the DagBag from /opt/airflow/dags/dbt_lab2.py
[2025-11-24T23:55:24.938+0000] {processor.py:925} INFO - DAG(s) 'dbt_lab2_pipeline' retrieved from /opt/airflow/dags/dbt_lab2.py
[2025-11-24T23:55:24.967+0000] {logging_mixin.py:190} INFO - [2025-11-24T23:55:24.967+0000] {dag.py:3229} INFO - Sync 1 DAGs
[2025-11-24T23:55:24.982+0000] {logging_mixin.py:190} INFO - [2025-11-24T23:55:24.982+0000] {dag.py:4156} INFO - Setting next_dagrun for dbt_lab2_pipeline to None, run_after=None
[2025-11-24T23:55:24.998+0000] {processor.py:208} INFO - Processing /opt/airflow/dags/dbt_lab2.py took 0.101 seconds
[2025-11-24T23:55:55.393+0000] {processor.py:186} INFO - Started process (PID=728) to work on /opt/airflow/dags/dbt_lab2.py
[2025-11-24T23:55:55.394+0000] {processor.py:914} INFO - Processing file /opt/airflow/dags/dbt_lab2.py for tasks to queue
[2025-11-24T23:55:55.397+0000] {logging_mixin.py:190} INFO - [2025-11-24T23:55:55.397+0000] {dagbag.py:587} INFO - Filling up the DagBag from /opt/airflow/dags/dbt_lab2.py
[2025-11-24T23:55:55.416+0000] {processor.py:925} INFO - DAG(s) 'dbt_lab2_pipeline' retrieved from /opt/airflow/dags/dbt_lab2.py
[2025-11-24T23:55:55.447+0000] {logging_mixin.py:190} INFO - [2025-11-24T23:55:55.447+0000] {dag.py:3229} INFO - Sync 1 DAGs
[2025-11-24T23:55:55.458+0000] {logging_mixin.py:190} INFO - [2025-11-24T23:55:55.458+0000] {dag.py:4156} INFO - Setting next_dagrun for dbt_lab2_pipeline to None, run_after=None
[2025-11-24T23:55:55.470+0000] {processor.py:208} INFO - Processing /opt/airflow/dags/dbt_lab2.py took 0.084 seconds
[2025-11-24T23:56:25.955+0000] {processor.py:186} INFO - Started process (PID=744) to work on /opt/airflow/dags/dbt_lab2.py
[2025-11-24T23:56:25.958+0000] {processor.py:914} INFO - Processing file /opt/airflow/dags/dbt_lab2.py for tasks to queue
[2025-11-24T23:56:25.961+0000] {logging_mixin.py:190} INFO - [2025-11-24T23:56:25.961+0000] {dagbag.py:587} INFO - Filling up the DagBag from /opt/airflow/dags/dbt_lab2.py
[2025-11-24T23:56:25.978+0000] {processor.py:925} INFO - DAG(s) 'dbt_lab2_pipeline' retrieved from /opt/airflow/dags/dbt_lab2.py
[2025-11-24T23:56:26.004+0000] {logging_mixin.py:190} INFO - [2025-11-24T23:56:26.004+0000] {dag.py:3229} INFO - Sync 1 DAGs
[2025-11-24T23:56:26.015+0000] {logging_mixin.py:190} INFO - [2025-11-24T23:56:26.015+0000] {dag.py:4156} INFO - Setting next_dagrun for dbt_lab2_pipeline to None, run_after=None
[2025-11-24T23:56:26.032+0000] {processor.py:208} INFO - Processing /opt/airflow/dags/dbt_lab2.py took 0.086 seconds
[2025-11-24T23:56:56.512+0000] {processor.py:186} INFO - Started process (PID=760) to work on /opt/airflow/dags/dbt_lab2.py
[2025-11-24T23:56:56.513+0000] {processor.py:914} INFO - Processing file /opt/airflow/dags/dbt_lab2.py for tasks to queue
[2025-11-24T23:56:56.516+0000] {logging_mixin.py:190} INFO - [2025-11-24T23:56:56.515+0000] {dagbag.py:587} INFO - Filling up the DagBag from /opt/airflow/dags/dbt_lab2.py
[2025-11-24T23:56:56.530+0000] {processor.py:925} INFO - DAG(s) 'dbt_lab2_pipeline' retrieved from /opt/airflow/dags/dbt_lab2.py
[2025-11-24T23:56:56.560+0000] {logging_mixin.py:190} INFO - [2025-11-24T23:56:56.560+0000] {dag.py:3229} INFO - Sync 1 DAGs
[2025-11-24T23:56:56.572+0000] {logging_mixin.py:190} INFO - [2025-11-24T23:56:56.572+0000] {dag.py:4156} INFO - Setting next_dagrun for dbt_lab2_pipeline to None, run_after=None
[2025-11-24T23:56:56.589+0000] {processor.py:208} INFO - Processing /opt/airflow/dags/dbt_lab2.py took 0.088 seconds
[2025-11-24T23:57:27.174+0000] {processor.py:186} INFO - Started process (PID=776) to work on /opt/airflow/dags/dbt_lab2.py
[2025-11-24T23:57:27.176+0000] {processor.py:914} INFO - Processing file /opt/airflow/dags/dbt_lab2.py for tasks to queue
[2025-11-24T23:57:27.179+0000] {logging_mixin.py:190} INFO - [2025-11-24T23:57:27.178+0000] {dagbag.py:587} INFO - Filling up the DagBag from /opt/airflow/dags/dbt_lab2.py
[2025-11-24T23:57:27.194+0000] {processor.py:925} INFO - DAG(s) 'dbt_lab2_pipeline' retrieved from /opt/airflow/dags/dbt_lab2.py
[2025-11-24T23:57:27.218+0000] {logging_mixin.py:190} INFO - [2025-11-24T23:57:27.217+0000] {dag.py:3229} INFO - Sync 1 DAGs
[2025-11-24T23:57:27.228+0000] {logging_mixin.py:190} INFO - [2025-11-24T23:57:27.228+0000] {dag.py:4156} INFO - Setting next_dagrun for dbt_lab2_pipeline to None, run_after=None
[2025-11-24T23:57:27.242+0000] {processor.py:208} INFO - Processing /opt/airflow/dags/dbt_lab2.py took 0.078 seconds
[2025-11-24T23:57:57.796+0000] {processor.py:186} INFO - Started process (PID=792) to work on /opt/airflow/dags/dbt_lab2.py
[2025-11-24T23:57:57.798+0000] {processor.py:914} INFO - Processing file /opt/airflow/dags/dbt_lab2.py for tasks to queue
[2025-11-24T23:57:57.803+0000] {logging_mixin.py:190} INFO - [2025-11-24T23:57:57.803+0000] {dagbag.py:587} INFO - Filling up the DagBag from /opt/airflow/dags/dbt_lab2.py
[2025-11-24T23:57:57.819+0000] {processor.py:925} INFO - DAG(s) 'dbt_lab2_pipeline' retrieved from /opt/airflow/dags/dbt_lab2.py
[2025-11-24T23:57:57.847+0000] {logging_mixin.py:190} INFO - [2025-11-24T23:57:57.847+0000] {dag.py:3229} INFO - Sync 1 DAGs
[2025-11-24T23:57:57.858+0000] {logging_mixin.py:190} INFO - [2025-11-24T23:57:57.858+0000] {dag.py:4156} INFO - Setting next_dagrun for dbt_lab2_pipeline to None, run_after=None
[2025-11-24T23:57:57.875+0000] {processor.py:208} INFO - Processing /opt/airflow/dags/dbt_lab2.py took 0.099 seconds
[2025-11-24T23:58:28.344+0000] {processor.py:186} INFO - Started process (PID=808) to work on /opt/airflow/dags/dbt_lab2.py
[2025-11-24T23:58:28.347+0000] {processor.py:914} INFO - Processing file /opt/airflow/dags/dbt_lab2.py for tasks to queue
[2025-11-24T23:58:28.351+0000] {logging_mixin.py:190} INFO - [2025-11-24T23:58:28.351+0000] {dagbag.py:587} INFO - Filling up the DagBag from /opt/airflow/dags/dbt_lab2.py
[2025-11-24T23:58:28.369+0000] {processor.py:925} INFO - DAG(s) 'dbt_lab2_pipeline' retrieved from /opt/airflow/dags/dbt_lab2.py
[2025-11-24T23:58:28.397+0000] {logging_mixin.py:190} INFO - [2025-11-24T23:58:28.397+0000] {dag.py:3229} INFO - Sync 1 DAGs
[2025-11-24T23:58:28.409+0000] {logging_mixin.py:190} INFO - [2025-11-24T23:58:28.408+0000] {dag.py:4156} INFO - Setting next_dagrun for dbt_lab2_pipeline to None, run_after=None
[2025-11-24T23:58:28.423+0000] {processor.py:208} INFO - Processing /opt/airflow/dags/dbt_lab2.py took 0.086 seconds
[2025-11-24T23:58:59.012+0000] {processor.py:186} INFO - Started process (PID=824) to work on /opt/airflow/dags/dbt_lab2.py
[2025-11-24T23:58:59.014+0000] {processor.py:914} INFO - Processing file /opt/airflow/dags/dbt_lab2.py for tasks to queue
[2025-11-24T23:58:59.018+0000] {logging_mixin.py:190} INFO - [2025-11-24T23:58:59.017+0000] {dagbag.py:587} INFO - Filling up the DagBag from /opt/airflow/dags/dbt_lab2.py
[2025-11-24T23:58:59.036+0000] {processor.py:925} INFO - DAG(s) 'dbt_lab2_pipeline' retrieved from /opt/airflow/dags/dbt_lab2.py
[2025-11-24T23:58:59.069+0000] {logging_mixin.py:190} INFO - [2025-11-24T23:58:59.069+0000] {dag.py:3229} INFO - Sync 1 DAGs
[2025-11-24T23:58:59.086+0000] {logging_mixin.py:190} INFO - [2025-11-24T23:58:59.086+0000] {dag.py:4156} INFO - Setting next_dagrun for dbt_lab2_pipeline to None, run_after=None
[2025-11-24T23:58:59.106+0000] {processor.py:208} INFO - Processing /opt/airflow/dags/dbt_lab2.py took 0.103 seconds
[2025-11-24T23:59:29.618+0000] {processor.py:186} INFO - Started process (PID=840) to work on /opt/airflow/dags/dbt_lab2.py
[2025-11-24T23:59:29.621+0000] {processor.py:914} INFO - Processing file /opt/airflow/dags/dbt_lab2.py for tasks to queue
[2025-11-24T23:59:29.625+0000] {logging_mixin.py:190} INFO - [2025-11-24T23:59:29.624+0000] {dagbag.py:587} INFO - Filling up the DagBag from /opt/airflow/dags/dbt_lab2.py
[2025-11-24T23:59:29.643+0000] {processor.py:925} INFO - DAG(s) 'dbt_lab2_pipeline' retrieved from /opt/airflow/dags/dbt_lab2.py
[2025-11-24T23:59:29.672+0000] {logging_mixin.py:190} INFO - [2025-11-24T23:59:29.672+0000] {dag.py:3229} INFO - Sync 1 DAGs
[2025-11-24T23:59:29.685+0000] {logging_mixin.py:190} INFO - [2025-11-24T23:59:29.685+0000] {dag.py:4156} INFO - Setting next_dagrun for dbt_lab2_pipeline to None, run_after=None
[2025-11-24T23:59:29.699+0000] {processor.py:208} INFO - Processing /opt/airflow/dags/dbt_lab2.py took 0.100 seconds
