[2025-11-25T06:04:08.200+0000] {local_task_job_runner.py:123} INFO - ::group::Pre task execution logs
[2025-11-25T06:04:08.216+0000] {taskinstance.py:2612} INFO - Dependencies all met for dep_context=non-requeueable deps ti=<TaskInstance: dbt_cloud_stock_pipeline.run_dbt_cloud_job manual__2025-11-25T06:04:07.282936+00:00 [queued]>
[2025-11-25T06:04:08.224+0000] {taskinstance.py:2612} INFO - Dependencies all met for dep_context=requeueable deps ti=<TaskInstance: dbt_cloud_stock_pipeline.run_dbt_cloud_job manual__2025-11-25T06:04:07.282936+00:00 [queued]>
[2025-11-25T06:04:08.225+0000] {taskinstance.py:2865} INFO - Starting attempt 1 of 2
[2025-11-25T06:04:08.235+0000] {taskinstance.py:2888} INFO - Executing <Task(DbtCloudRunJobOperator): run_dbt_cloud_job> on 2025-11-25 06:04:07.282936+00:00
[2025-11-25T06:04:08.254+0000] {standard_task_runner.py:104} INFO - Running: ['***', 'tasks', 'run', 'dbt_cloud_stock_pipeline', 'run_dbt_cloud_job', 'manual__2025-11-25T06:04:07.282936+00:00', '--job-id', '30', '--raw', '--subdir', 'DAGS_FOLDER/dbt_cloud_stock_pipeline.py', '--cfg-path', '/tmp/tmpe1fugcpw']
[2025-11-25T06:04:08.258+0000] {standard_task_runner.py:105} INFO - Job 30: Subtask run_dbt_cloud_job
[2025-11-25T06:04:08.261+0000] {logging_mixin.py:190} WARNING - /home/***/.local/lib/python3.12/site-packages/***/task/task_runner/standard_task_runner.py:70 DeprecationWarning: This process (pid=2678) is multi-threaded, use of fork() may lead to deadlocks in the child.
[2025-11-25T06:04:08.263+0000] {standard_task_runner.py:72} INFO - Started process 2679 to run task
[2025-11-25T06:04:08.310+0000] {task_command.py:467} INFO - Running <TaskInstance: dbt_cloud_stock_pipeline.run_dbt_cloud_job manual__2025-11-25T06:04:07.282936+00:00 [running]> on host 6aeb1cad2053
[2025-11-25T06:04:08.390+0000] {taskinstance.py:3131} INFO - Exporting env vars: AIRFLOW_CTX_DAG_OWNER='***' AIRFLOW_CTX_DAG_ID='dbt_cloud_stock_pipeline' AIRFLOW_CTX_TASK_ID='run_dbt_cloud_job' AIRFLOW_CTX_EXECUTION_DATE='2025-11-25T06:04:07.282936+00:00' AIRFLOW_CTX_TRY_NUMBER='1' AIRFLOW_CTX_DAG_RUN_ID='manual__2025-11-25T06:04:07.282936+00:00'
[2025-11-25T06:04:08.390+0000] {taskinstance.py:731} INFO - ::endgroup::
[2025-11-25T06:04:08.415+0000] {connection.py:277} WARNING - Connection schemes (type: dbt_cloud) shall not contain '_' according to RFC3986.
[2025-11-25T06:04:08.416+0000] {base.py:84} INFO - Retrieving connection 'dbt_conn'
[2025-11-25T06:04:08.948+0000] {dbt.py:202} INFO - Waiting for job run 70471854800062 to terminate.
[2025-11-25T06:04:08.949+0000] {dbt.py:772} INFO - Getting the status of job run 70471854800062.
[2025-11-25T06:04:09.257+0000] {dbt.py:777} INFO - Current status of job run 70471854800062: STARTING
[2025-11-25T06:05:09.263+0000] {dbt.py:772} INFO - Getting the status of job run 70471854800062.
[2025-11-25T06:05:09.649+0000] {dbt.py:777} INFO - Current status of job run 70471854800062: SUCCESS
[2025-11-25T06:05:09.653+0000] {dbt.py:211} INFO - Job run 70471854800062 has completed successfully.
[2025-11-25T06:05:09.705+0000] {taskinstance.py:340} INFO - ::group::Post task execution logs
[2025-11-25T06:05:09.705+0000] {taskinstance.py:352} INFO - Marking task as SUCCESS. dag_id=dbt_cloud_stock_pipeline, task_id=run_dbt_cloud_job, run_id=manual__2025-11-25T06:04:07.282936+00:00, execution_date=20251125T060407, start_date=20251125T060408, end_date=20251125T060509
[2025-11-25T06:05:09.778+0000] {local_task_job_runner.py:266} INFO - Task exited with return code 0
[2025-11-25T06:05:09.814+0000] {taskinstance.py:3900} INFO - 0 downstream tasks scheduled from follow-on schedule check
[2025-11-25T06:05:09.815+0000] {local_task_job_runner.py:245} INFO - ::endgroup::
